2024-08-25 15:11:05,247 - INFO - 





##################################################





##################################################
################# Starting #################
##################################################





##################################################






2024-08-25 15:11:05,247 - INFO - 


==================================Testing on Persian Dataset: ==================================


2024-08-25 15:11:05,247 - INFO - 

PQuAD

2024-08-25 15:11:05,247 - INFO - Loading dataset...
2024-08-25 15:11:20,671 - INFO - Loading tokenizer from /mnt/data2/mehran-workspace/language-model/retromae-storage/results/checkpoint-260000
2024-08-25 15:11:20,871 - INFO - Loading model from /mnt/data2/mehran-workspace/language-model/retromae-storage/results/checkpoint-260000
2024-08-25 15:11:26,295 - INFO - Tokenizing dataset...
2024-08-25 15:11:31,522 - INFO - Initializing Trainer...
2024-08-25 15:11:31,833 - INFO - Starting training...
2024-08-25 15:13:22,637 - INFO - Evaluating model on the test dataset...
2024-08-25 15:14:04,292 - INFO - 

=================SQuAD Dataset Results: 

2024-08-25 15:14:04,292 - INFO - Test results: {'eval_exact_match': 56.35676741130092, 'eval_f1': 75.52580135838589, 'eval_runtime': 11.1458, 'eval_samples_per_second': 546.217, 'eval_steps_per_second': 17.137, 'epoch': 3.0}
2024-08-25 15:14:04,296 - INFO - 

FarsTail

2024-08-25 15:14:04,296 - INFO - Loading dataset...
2024-08-25 15:14:11,575 - INFO - Loading tokenizer from /mnt/data2/mehran-workspace/language-model/retromae-storage/results/checkpoint-260000
2024-08-25 15:14:11,751 - INFO - Loading model from /mnt/data2/mehran-workspace/language-model/retromae-storage/results/checkpoint-260000
2024-08-25 15:14:16,960 - INFO - Tokenizing dataset...
2024-08-25 15:14:19,841 - INFO - Initializing Trainer...
2024-08-25 15:14:19,987 - INFO - Starting training...
2024-08-25 15:16:33,769 - INFO - Evaluating model on the test dataset...
2024-08-25 15:16:34,662 - INFO - 

=================FarsTail Dataset Results: 

2024-08-25 15:16:34,663 - INFO - Test results: {'eval_loss': 1.0984193086624146, 'eval_accuracy': 0.3420716112531969, 'eval_f1': 0.1699221851675401, 'eval_runtime': 0.8913, 'eval_samples_per_second': 1754.746, 'eval_steps_per_second': 54.976, 'epoch': 7.0}
2024-08-25 15:16:34,663 - INFO - 

DeepSentiPers

2024-08-25 15:16:34,664 - INFO - Loading dataset...
2024-08-25 15:16:38,245 - INFO - Mapping labels to ternary classification
2024-08-25 15:16:38,371 - INFO - Loading tokenizer from /mnt/data2/mehran-workspace/language-model/retromae-storage/results/checkpoint-260000
2024-08-25 15:16:38,551 - INFO - Loading model from /mnt/data2/mehran-workspace/language-model/retromae-storage/results/checkpoint-260000
2024-08-25 15:16:44,861 - INFO - Tokenizing dataset...
2024-08-25 15:16:48,127 - INFO - Initializing Trainer...
2024-08-25 15:16:48,282 - INFO - Starting training...
2024-08-25 15:19:54,351 - INFO - Evaluating model on the test dataset...
2024-08-25 15:20:00,577 - INFO - 

=================DeepSentiPers Dataset Results: 

2024-08-25 15:20:00,577 - INFO - Test results: {'eval_loss': 0.5804488062858582, 'eval_accuracy': 0.7664509169363538, 'eval_f1': 0.7171397652226142, 'eval_runtime': 6.2236, 'eval_samples_per_second': 297.901, 'eval_steps_per_second': 9.319, 'epoch': 3.0}
2024-08-25 15:20:00,578 - INFO - 
\ParsiNLU_Multi

2024-08-25 15:20:00,578 - INFO - Loading dataset...
2024-08-25 15:20:05,547 - INFO - Loading tokenizer from /mnt/data2/mehran-workspace/language-model/retromae-storage/results/checkpoint-260000
2024-08-25 15:20:05,732 - INFO - Loading model from /mnt/data2/mehran-workspace/language-model/retromae-storage/results/checkpoint-260000
2024-08-25 15:20:16,283 - INFO - Tokenizing dataset...
2024-08-25 15:20:17,443 - INFO - Initializing Trainer...
2024-08-25 15:20:17,849 - INFO - Starting training...
2024-08-25 15:21:14,797 - INFO - Evaluating model on the test dataset...
2024-08-25 15:21:16,418 - INFO - 

=================ParsiNLU Dataset Results: 

2024-08-25 15:21:16,418 - INFO - Test results: {'eval_loss': 1.38671875, 'eval_accuracy': 0.28476190476190477, 'eval_f1-weighted': 0.226146281687924, 'eval_precision': 0.2729948015959, 'eval_recall': 0.28476190476190477, 'eval_runtime': 1.6175, 'eval_samples_per_second': 649.155, 'eval_steps_per_second': 20.402, 'epoch': 7.0}
