2024-10-15 07:13:44,951 - INFO - 





##################################################





##################################################
################# Starting #################
##################################################





##################################################






2024-10-15 07:13:44,951 - INFO - 


==================================Testing on Persian Dataset: ==================================


2024-10-15 07:13:44,951 - INFO - 

PQuAD

2024-10-15 07:13:44,951 - INFO - Loading dataset...
2024-10-15 07:13:48,292 - INFO - Loading tokenizer from BAAI/bge-m3
2024-10-15 07:13:53,801 - INFO - Loading model from BAAI/bge-m3
2024-10-15 07:15:01,877 - INFO - Tokenizing dataset...
2024-10-15 07:15:13,023 - INFO - Initializing Trainer...
2024-10-15 07:15:13,962 - INFO - Starting training...
2024-10-15 07:16:47,702 - INFO - 





##################################################





##################################################
################# Starting #################
##################################################





##################################################






2024-10-15 07:16:47,702 - INFO - 


==================================Testing on Persian Dataset: ==================================


2024-10-15 07:16:47,703 - INFO - 

PQuAD

2024-10-15 07:16:47,703 - INFO - Loading dataset...
2024-10-15 07:16:50,936 - INFO - Loading tokenizer from BAAI/bge-m3
2024-10-15 07:16:52,764 - INFO - Loading model from BAAI/bge-m3
2024-10-15 07:16:53,327 - INFO - Tokenizing dataset...
2024-10-15 07:16:54,021 - INFO - Initializing Trainer...
2024-10-15 07:16:54,951 - INFO - Starting training...
2024-10-15 07:24:54,372 - INFO - 





##################################################





##################################################
################# Starting #################
##################################################





##################################################






2024-10-15 07:24:54,372 - INFO - 


==================================Testing on Persian Dataset: ==================================


2024-10-15 07:24:54,373 - INFO - 

PQuAD

2024-10-15 07:24:54,373 - INFO - 

FarsTail

2024-10-15 07:24:54,373 - INFO - Loading dataset...
2024-10-15 07:24:59,124 - INFO - Loading tokenizer from BAAI/bge-m3
2024-10-15 07:25:00,813 - INFO - Loading model from BAAI/bge-m3
2024-10-15 07:25:01,553 - INFO - Tokenizing dataset...
2024-10-15 07:25:02,970 - INFO - Initializing Trainer...
2024-10-15 07:25:06,824 - INFO - Starting training...
2024-10-15 07:31:16,321 - INFO - Evaluating model on the test dataset...
2024-10-15 07:31:18,075 - INFO - 

=================FarsTail Dataset Results: 

2024-10-15 07:31:18,075 - INFO - 

******************************
Test results: {'eval_loss': 0.7060508728027344, 'eval_accuracy': 0.887468030690537, 'eval_f1': 0.8867575598933767, 'eval_runtime': 1.7506, 'eval_samples_per_second': 893.409, 'eval_steps_per_second': 27.99, 'epoch': 7.0}
******************************


2024-10-15 07:31:18,076 - INFO - 

DeepSentiPers

2024-10-15 07:31:18,076 - INFO - Loading dataset...
2024-10-15 07:31:22,552 - INFO - Mapping labels to ternary classification
2024-10-15 07:31:22,624 - INFO - Loading tokenizer from BAAI/bge-m3
2024-10-15 07:31:24,318 - INFO - Loading model from BAAI/bge-m3
2024-10-15 07:31:24,917 - INFO - Tokenizing dataset...
2024-10-15 07:31:25,497 - INFO - Initializing Trainer...
2024-10-15 07:31:26,226 - INFO - Starting training...
2024-10-15 07:35:05,664 - INFO - Evaluating model on the test dataset...
2024-10-15 07:35:09,073 - INFO - 

=================DeepSentiPers Dataset Results: 

2024-10-15 07:35:09,073 - INFO - 

******************************
Test results: {'eval_loss': 0.48075366020202637, 'eval_accuracy': 0.8317152103559871, 'eval_f1': 0.8044723362423514, 'eval_runtime': 3.4058, 'eval_samples_per_second': 544.363, 'eval_steps_per_second': 34.059, 'epoch': 3.0}
******************************


2024-10-15 07:35:09,074 - INFO - 

ParsiNLU_Multi

2024-10-15 07:35:09,074 - INFO - Loading dataset...
2024-10-15 07:35:14,740 - INFO - Loading tokenizer from BAAI/bge-m3
2024-10-15 07:35:16,630 - INFO - Loading model from BAAI/bge-m3
2024-10-15 07:35:23,900 - INFO - Tokenizing dataset...
2024-10-15 07:35:24,769 - INFO - Initializing Trainer...
2024-10-15 07:35:28,220 - INFO - Starting training...
2024-10-15 07:37:00,481 - INFO - Evaluating model on the test dataset...
2024-10-15 07:37:02,788 - INFO - 

=================ParsiNLU Dataset Results: 

2024-10-15 07:37:02,788 - INFO - 

******************************
Test results: {'eval_loss': 1.3865820169448853, 'eval_accuracy': 0.2571428571428571, 'eval_f1-weighted': 0.2478723312512447, 'eval_precision': 0.2479371698670206, 'eval_recall': 0.2571428571428571, 'eval_runtime': 2.3022, 'eval_samples_per_second': 456.077, 'eval_steps_per_second': 14.334, 'epoch': 7.0}
******************************


2024-10-15 08:32:50,728 - INFO - 





##################################################





##################################################
################# Starting #################
##################################################





##################################################






2024-10-15 08:32:50,729 - INFO - 


==================================Testing on Persian Dataset: ==================================


2024-10-15 08:32:50,729 - INFO - 

PQuAD

2024-10-15 08:32:50,729 - INFO - Loading dataset...
2024-10-15 08:32:53,731 - INFO - Loading tokenizer from BAAI/bge-m3
2024-10-15 08:32:55,500 - INFO - Loading model from BAAI/bge-m3
2024-10-15 08:32:56,119 - INFO - Tokenizing dataset...
2024-10-15 08:32:56,812 - INFO - Initializing Trainer...
2024-10-15 08:33:01,175 - INFO - Starting training...
2024-10-15 09:00:00,487 - INFO - Evaluating model on the test dataset...
2024-10-15 09:00:50,552 - INFO - 

=================SQuAD Dataset Results: 

2024-10-15 09:00:50,553 - INFO - 

******************************
Test results: {'eval_exact_match': 71.7969776609724, 'eval_f1': 88.81399020289732, 'eval_runtime': 29.9082, 'eval_samples_per_second': 203.556, 'eval_steps_per_second': 3.21, 'epoch': 2.0}
******************************


2024-10-15 09:00:50,564 - INFO - 

FarsTail

2024-10-15 09:00:50,564 - INFO - Loading dataset...
