2024-11-18 10:57:28,795 - INFO - 





##################################################





##################################################
################# Starting #################
##################################################





##################################################






2024-11-18 10:57:28,795 - INFO - 

==================================Testing on English Dataset: ==================================


2024-11-18 10:57:28,795 - INFO - 

SQuAD

2024-11-18 10:57:28,795 - INFO - 

SST-2

2024-11-18 10:57:28,795 - INFO - 

MNLI

2024-11-18 10:57:28,795 - INFO - Loading dataset...
2024-11-18 10:57:29,833 - WARNING - Repo card metadata block was not found. Setting CardData to empty.
2024-11-18 10:57:34,711 - INFO - Loading tokenizer from bart-base-uncased
2024-11-18 10:58:38,034 - INFO - 





##################################################





##################################################
################# Starting #################
##################################################





##################################################






2024-11-18 10:58:38,034 - INFO - 

==================================Testing on English Dataset: ==================================


2024-11-18 10:58:38,034 - INFO - 

SQuAD

2024-11-18 10:58:38,034 - INFO - 

SST-2

2024-11-18 10:58:38,034 - INFO - 

MNLI

2024-11-18 10:58:38,034 - INFO - Loading dataset...
2024-11-18 10:58:39,038 - WARNING - Repo card metadata block was not found. Setting CardData to empty.
2024-11-18 10:58:45,154 - INFO - Loading tokenizer from bart-base-uncased
