2024-11-18 10:49:05,387 - INFO - 





##################################################





##################################################
################# Starting #################
##################################################





##################################################






2024-11-18 10:49:05,388 - INFO - 

==================================Testing on English Dataset: ==================================


2024-11-18 10:49:05,388 - INFO - 

SQuAD

2024-11-18 10:49:05,388 - INFO - 

SST-2

2024-11-18 10:49:05,389 - INFO - 

MNLI

2024-11-18 10:49:05,389 - INFO - Loading dataset...
2024-11-18 10:49:06,605 - WARNING - Repo card metadata block was not found. Setting CardData to empty.
2024-11-18 10:49:25,443 - INFO - Loading tokenizer from bert-base-uncased
2024-11-18 10:49:25,691 - INFO - Loading model from bert-base-uncased
2024-11-18 10:49:26,063 - INFO - Tokenizing dataset...
2024-11-18 10:50:48,387 - INFO - 





##################################################





##################################################
################# Starting #################
##################################################





##################################################






2024-11-18 10:50:48,387 - INFO - 

==================================Testing on English Dataset: ==================================


2024-11-18 10:50:48,387 - INFO - 

SQuAD

2024-11-18 10:50:48,387 - INFO - 

SST-2

2024-11-18 10:50:48,387 - INFO - 

MNLI

2024-11-18 10:50:48,387 - INFO - Loading dataset...
2024-11-18 10:50:49,415 - WARNING - Repo card metadata block was not found. Setting CardData to empty.
2024-11-18 10:50:53,966 - INFO - Loading tokenizer from bert-base-uncased
2024-11-18 10:50:54,216 - INFO - Loading model from bert-base-uncased
2024-11-18 10:50:54,524 - INFO - Tokenizing dataset...
2024-11-18 10:50:55,446 - INFO - Initializing Trainer...
2024-11-18 10:50:56,290 - INFO - Starting training...
2024-11-18 10:59:37,139 - INFO - 





##################################################





##################################################
################# Starting #################
##################################################





##################################################






2024-11-18 10:59:37,139 - INFO - 

==================================Testing on English Dataset: ==================================


2024-11-18 10:59:37,139 - INFO - 

SQuAD

2024-11-18 10:59:37,139 - INFO - 

SST-2

2024-11-18 10:59:37,139 - INFO - 

MNLI

2024-11-18 10:59:37,139 - INFO - Loading dataset...
2024-11-18 10:59:38,168 - WARNING - Repo card metadata block was not found. Setting CardData to empty.
2024-11-18 10:59:42,935 - INFO - Loading tokenizer from bert-base-uncased
2024-11-18 10:59:43,179 - INFO - Loading model from bert-base-uncased
2024-11-18 10:59:43,474 - INFO - Tokenizing dataset...
2024-11-18 10:59:44,396 - INFO - Initializing Trainer...
2024-11-18 10:59:44,915 - INFO - Starting training...
2024-11-18 11:01:47,184 - INFO - 





##################################################





##################################################
################# Starting #################
##################################################





##################################################






2024-11-18 11:01:47,185 - INFO - 

==================================Testing on English Dataset: ==================================


2024-11-18 11:01:47,185 - INFO - 

SQuAD

2024-11-18 11:01:47,185 - INFO - 

SST-2

2024-11-18 11:01:47,185 - INFO - 

MNLI

2024-11-18 11:01:47,185 - INFO - Loading dataset...
2024-11-18 11:01:48,221 - WARNING - Repo card metadata block was not found. Setting CardData to empty.
2024-11-18 11:01:52,797 - INFO - Loading tokenizer from bert-base-uncased
2024-11-18 11:01:53,101 - INFO - Loading model from bert-base-uncased
2024-11-18 11:01:53,385 - INFO - Tokenizing dataset...
2024-11-18 11:03:55,396 - INFO - 





##################################################





##################################################
################# Starting #################
##################################################





##################################################






2024-11-18 11:03:55,396 - INFO - 

==================================Testing on English Dataset: ==================================


2024-11-18 11:03:55,396 - INFO - 

SQuAD

2024-11-18 11:03:55,396 - INFO - 

SST-2

2024-11-18 11:03:55,396 - INFO - 

MNLI

2024-11-18 11:03:55,396 - INFO - Loading dataset...
2024-11-18 11:03:56,402 - WARNING - Repo card metadata block was not found. Setting CardData to empty.
2024-11-18 11:04:00,806 - INFO - Loading tokenizer from bert-base-uncased
2024-11-18 11:04:01,089 - INFO - Loading model from bert-base-uncased
2024-11-18 11:04:01,392 - INFO - Tokenizing dataset...
2024-11-18 11:05:10,698 - INFO - 





##################################################





##################################################
################# Starting #################
##################################################





##################################################






2024-11-18 11:05:10,699 - INFO - 

==================================Testing on English Dataset: ==================================


2024-11-18 11:05:10,699 - INFO - 

SQuAD

2024-11-18 11:05:10,699 - INFO - 

SST-2

2024-11-18 11:05:10,699 - INFO - 

MNLI

2024-11-18 11:05:10,700 - INFO - Loading dataset...
2024-11-18 11:05:11,783 - WARNING - Repo card metadata block was not found. Setting CardData to empty.
2024-11-18 11:05:16,638 - INFO - Loading tokenizer from bert-base-uncased
2024-11-18 11:05:17,003 - INFO - Loading model from bert-base-uncased
2024-11-18 11:05:17,376 - INFO - Tokenizing dataset...
2024-11-18 11:05:18,170 - INFO - Initializing Trainer...
2024-11-18 11:05:18,789 - INFO - Starting training...
2024-11-18 11:07:00,336 - INFO - 





##################################################





##################################################
################# Starting #################
##################################################





##################################################






2024-11-18 11:07:00,337 - INFO - 

==================================Testing on English Dataset: ==================================


2024-11-18 11:07:00,337 - INFO - 

SQuAD

2024-11-18 11:07:00,337 - INFO - 

SST-2

2024-11-18 11:07:00,338 - INFO - 

MNLI

2024-11-18 11:07:00,339 - INFO - Loading dataset...
2024-11-18 11:07:01,352 - WARNING - Repo card metadata block was not found. Setting CardData to empty.
2024-11-18 11:07:16,586 - INFO - Loading tokenizer from bert-base-uncased
2024-11-18 11:07:16,837 - INFO - Loading model from bert-base-uncased
2024-11-18 11:07:17,155 - INFO - Tokenizing dataset...
2024-11-18 11:08:36,731 - INFO - 





##################################################





##################################################
################# Starting #################
##################################################





##################################################






2024-11-18 11:08:36,732 - INFO - 

==================================Testing on English Dataset: ==================================


2024-11-18 11:08:36,733 - INFO - 

SQuAD

2024-11-18 11:08:36,733 - INFO - 

SST-2

2024-11-18 11:08:36,733 - INFO - 

MNLI

2024-11-18 11:08:36,733 - INFO - Loading dataset...
2024-11-18 11:08:37,946 - WARNING - Repo card metadata block was not found. Setting CardData to empty.
2024-11-18 11:08:43,184 - INFO - Loading tokenizer from bert-base-uncased
2024-11-18 11:08:43,630 - INFO - Loading model from bert-base-uncased
2024-11-18 11:08:43,962 - INFO - Tokenizing dataset...
2024-11-18 11:08:44,983 - INFO - Initializing Trainer...
2024-11-18 11:08:45,457 - INFO - Starting training...
2024-11-18 11:12:08,936 - INFO - 





##################################################





##################################################
################# Starting #################
##################################################





##################################################






2024-11-18 11:12:08,937 - INFO - 

==================================Testing on English Dataset: ==================================


2024-11-18 11:12:08,937 - INFO - 

SQuAD

2024-11-18 11:12:08,937 - INFO - 

SST-2

2024-11-18 11:12:08,937 - INFO - 

MNLI

2024-11-18 11:12:08,937 - INFO - Loading dataset...
2024-11-18 11:12:09,966 - WARNING - Repo card metadata block was not found. Setting CardData to empty.
2024-11-18 11:12:14,954 - INFO - Loading tokenizer from bert-base-uncased
2024-11-18 11:12:15,221 - INFO - Loading model from bert-base-uncased
2024-11-18 11:12:15,518 - INFO - Tokenizing dataset...
2024-11-18 11:12:16,499 - INFO - Initializing Trainer...
2024-11-18 11:12:17,108 - INFO - Starting training...
2024-11-18 11:13:23,320 - INFO - 





##################################################





##################################################
################# Starting #################
##################################################





##################################################






2024-11-18 11:13:23,321 - INFO - 

==================================Testing on English Dataset: ==================================


2024-11-18 11:13:23,321 - INFO - 

SQuAD

2024-11-18 11:13:23,322 - INFO - 

SST-2

2024-11-18 11:13:23,322 - INFO - 

MNLI

2024-11-18 11:13:23,322 - INFO - Loading dataset...
2024-11-18 11:13:24,321 - WARNING - Repo card metadata block was not found. Setting CardData to empty.
2024-11-18 11:13:29,093 - INFO - Loading tokenizer from bert-base-uncased
2024-11-18 11:13:29,385 - INFO - Loading model from bert-base-uncased
2024-11-18 11:13:29,724 - INFO - Tokenizing dataset...
2024-11-18 11:13:30,779 - INFO - Initializing Trainer...
2024-11-18 11:13:31,453 - INFO - Starting training...
2024-11-18 11:15:48,296 - INFO - 





##################################################





##################################################
################# Starting #################
##################################################





##################################################






2024-11-18 11:15:48,300 - INFO - 

==================================Testing on English Dataset: ==================================


2024-11-18 11:15:48,300 - INFO - 

SQuAD

2024-11-18 11:15:48,300 - INFO - 

SST-2

2024-11-18 11:15:48,301 - INFO - 

MNLI

2024-11-18 11:15:48,301 - INFO - Loading dataset...
2024-11-18 11:15:51,424 - WARNING - Repo card metadata block was not found. Setting CardData to empty.
2024-11-18 11:15:56,245 - INFO - Loading tokenizer from bert-base-uncased
2024-11-18 11:15:56,525 - INFO - Loading model from bert-base-uncased
2024-11-18 11:15:56,856 - INFO - Tokenizing dataset...
2024-11-18 11:15:57,720 - INFO - Initializing Trainer...
2024-11-18 11:15:58,353 - INFO - Starting training...
