2024-10-07 13:24:22,562 - INFO - 





##################################################





##################################################
################# Starting #################
##################################################





##################################################






2024-10-07 13:24:22,563 - INFO - 


==================================Testing on Persian Dataset: ==================================


2024-10-07 13:24:22,563 - INFO - 

PQuAD

2024-10-07 13:24:22,563 - INFO - Loading dataset...
2024-10-07 13:25:38,449 - INFO - 





##################################################





##################################################
################# Starting #################
##################################################





##################################################






2024-10-07 13:25:38,449 - INFO - 


==================================Testing on Persian Dataset: ==================================


2024-10-07 13:25:38,450 - INFO - 

PQuAD

2024-10-07 13:25:38,450 - INFO - Loading dataset...
2024-10-07 13:25:56,511 - INFO - Loading tokenizer from bert-fp-16-fixed-data-just-farsi-tookatokenizer-wwm-ourlinebyline-rope-batch64/checkpoint-300000
