2024-11-17 04:07:15,842 - INFO - 





##################################################





##################################################
################# Starting #################
##################################################





##################################################






2024-11-17 04:07:15,842 - INFO - 

==================================Testing on English Dataset: ==================================


2024-11-17 04:07:15,842 - INFO - 

SQuAD

2024-11-17 04:07:15,842 - INFO - Loading dataset...
2024-11-17 04:07:20,894 - INFO - Loading tokenizer from google-bert/bert-base-uncased
2024-11-17 04:07:23,077 - INFO - Loading model from google-bert/bert-base-uncased
2024-11-17 04:07:40,828 - INFO - Tokenizing dataset...
2024-11-17 04:07:43,569 - INFO - Initializing Trainer...
2024-11-17 04:07:43,901 - INFO - Starting training...
2024-11-17 04:09:49,586 - INFO - Evaluating model on the test dataset...
2024-11-17 04:09:54,628 - INFO - 

=================SQuAD Dataset Results: 

2024-11-17 04:09:54,628 - INFO - Test results: {'eval_exact_match': 57.64840182648402, 'eval_f1': 71.86534488622841, 'eval_runtime': 1.5153, 'eval_samples_per_second': 578.091, 'eval_steps_per_second': 18.478, 'epoch': 3.0}
2024-11-17 04:09:54,633 - INFO - 

SST-2

2024-11-17 04:09:54,633 - INFO - Loading dataset...
2024-11-17 04:09:58,782 - INFO - Loading tokenizer from google-bert/bert-base-uncased
2024-11-17 04:09:59,015 - INFO - Loading model from google-bert/bert-base-uncased
2024-11-17 04:09:59,278 - INFO - Tokenizing dataset...
2024-11-17 04:10:01,822 - INFO - Initializing Trainer...
2024-11-17 04:10:01,947 - INFO - Starting training...
2024-11-17 04:11:59,231 - INFO - Evaluating model on the test dataset...
2024-11-17 04:12:04,948 - INFO - 

=================SST-2 Dataset Results: 

2024-11-17 04:12:04,948 - INFO - Test results: {'eval_loss': 0.3625621795654297, 'eval_accuracy': 0.9183491686460807, 'eval_f1': 0.9171148819773014, 'eval_runtime': 5.7127, 'eval_samples_per_second': 589.563, 'eval_steps_per_second': 18.555, 'epoch': 3.0}
2024-11-17 04:12:04,951 - INFO - 

MNLI

2024-11-17 04:12:04,951 - INFO - Loading dataset...
2024-11-17 04:12:05,687 - WARNING - Repo card metadata block was not found. Setting CardData to empty.
2024-11-17 04:12:07,516 - INFO - Loading tokenizer from google-bert/bert-base-uncased
2024-11-17 04:12:07,757 - INFO - Loading model from google-bert/bert-base-uncased
2024-11-17 04:12:08,000 - INFO - Tokenizing dataset...
2024-11-17 04:12:10,606 - INFO - Initializing Trainer...
2024-11-17 04:12:10,720 - INFO - Starting training...
2024-11-17 04:14:58,809 - INFO - 





##################################################





##################################################
################# Starting #################
##################################################





##################################################






2024-11-17 04:14:58,809 - INFO - 

==================================Testing on English Dataset: ==================================


2024-11-17 04:14:58,809 - INFO - 

SQuAD

2024-11-17 04:14:58,809 - INFO - Loading dataset...
2024-11-17 04:15:03,391 - INFO - Loading tokenizer from google-bert/bert-base-uncased
2024-11-17 04:15:03,631 - INFO - Loading model from google-bert/bert-base-uncased
2024-11-17 04:15:03,901 - INFO - Tokenizing dataset...
2024-11-17 04:15:12,398 - INFO - Initializing Trainer...
2024-11-17 04:15:12,728 - INFO - Starting training...
2024-11-17 04:17:07,426 - INFO - 





##################################################





##################################################
################# Starting #################
##################################################





##################################################






2024-11-17 04:17:07,426 - INFO - 

==================================Testing on English Dataset: ==================================


2024-11-17 04:17:07,426 - INFO - 

SQuAD

2024-11-17 04:17:07,426 - INFO - Loading dataset...
2024-11-17 04:17:12,117 - INFO - Loading tokenizer from google-bert/bert-base-uncased
2024-11-17 04:17:12,366 - INFO - Loading model from google-bert/bert-base-uncased
2024-11-17 04:17:12,635 - INFO - Tokenizing dataset...
2024-11-17 04:17:13,174 - INFO - Initializing Trainer...
2024-11-17 04:17:13,489 - INFO - Starting training...
2024-11-17 04:31:29,832 - INFO - Evaluating model on the test dataset...
2024-11-17 04:31:32,847 - INFO - 

=================SQuAD Dataset Results: 

2024-11-17 04:31:32,847 - INFO - Test results: {'eval_exact_match': 67.8082191780822, 'eval_f1': 81.28274094031143, 'eval_runtime': 0.9127, 'eval_samples_per_second': 959.756, 'eval_steps_per_second': 30.677, 'epoch': 3.0}
2024-11-17 04:31:32,855 - INFO - 

SST-2

2024-11-17 04:31:32,855 - INFO - Loading dataset...
2024-11-17 04:31:40,099 - INFO - Loading tokenizer from google-bert/bert-base-uncased
2024-11-17 04:31:40,332 - INFO - Loading model from google-bert/bert-base-uncased
2024-11-17 04:31:40,590 - INFO - Tokenizing dataset...
2024-11-17 04:31:43,525 - INFO - Initializing Trainer...
2024-11-17 04:31:43,653 - INFO - Starting training...
2024-11-17 04:36:54,938 - INFO - Evaluating model on the test dataset...
2024-11-17 04:36:56,553 - INFO - 

=================SST-2 Dataset Results: 

2024-11-17 04:36:56,553 - INFO - Test results: {'eval_loss': 0.18427567183971405, 'eval_accuracy': 0.9489311163895487, 'eval_f1': 0.9482513979276118, 'eval_runtime': 1.6106, 'eval_samples_per_second': 2091.14, 'eval_steps_per_second': 65.814, 'epoch': 3.0}
2024-11-17 04:36:56,555 - INFO - 

MNLI

2024-11-17 04:36:56,556 - INFO - Loading dataset...
2024-11-17 04:36:57,644 - WARNING - Repo card metadata block was not found. Setting CardData to empty.
2024-11-17 04:37:14,878 - INFO - Loading tokenizer from google-bert/bert-base-uncased
2024-11-17 04:37:15,124 - INFO - Loading model from google-bert/bert-base-uncased
2024-11-17 04:37:15,420 - INFO - Tokenizing dataset...
2024-11-17 04:37:25,533 - INFO - Initializing Trainer...
2024-11-17 04:37:25,660 - INFO - Starting training...
2024-11-17 05:53:32,130 - INFO - Evaluating model on the test dataset...
2024-11-17 05:53:32,755 - INFO - 

=================MNLI Dataset Results: 

2024-11-17 05:53:32,755 - INFO - Test results: {'eval_loss': 0.8719659447669983, 'eval_accuracy': 0.8371501272264631, 'eval_f1': 0.8378198912523881, 'eval_runtime': 0.6197, 'eval_samples_per_second': 1902.58, 'eval_steps_per_second': 59.708, 'epoch': 7.0}
