2024-08-27 07:53:01,862 - INFO - 





##################################################





##################################################
################# Starting #################
##################################################





##################################################






2024-08-27 07:53:01,862 - INFO - 


==================================Testing on Persian Dataset: ==================================


2024-08-27 07:53:01,862 - INFO - 

PQuAD

2024-08-27 07:53:01,862 - INFO - Loading dataset...
2024-08-27 07:53:24,737 - INFO - Loading tokenizer from HooshvareLab/bert-base-parsbert-uncased
2024-08-27 07:53:25,648 - INFO - Loading model from HooshvareLab/bert-base-parsbert-uncased
2024-08-27 07:53:26,793 - INFO - Tokenizing dataset...
2024-08-27 07:53:26,990 - INFO - Initializing Trainer...
2024-08-27 07:53:27,301 - INFO - Starting training...
2024-08-27 08:01:22,332 - INFO - Evaluating model on the test dataset...
2024-08-27 08:02:04,438 - INFO - 

=================SQuAD Dataset Results: 

2024-08-27 08:02:04,439 - INFO - 

******************************
Test results: {'eval_exact_match': 69.36596583442838, 'eval_f1': 86.82439210772668, 'eval_runtime': 10.3074, 'eval_samples_per_second': 590.643, 'eval_steps_per_second': 9.314, 'epoch': 2.0}
******************************


2024-08-27 08:02:04,446 - INFO - 

FarsTail

2024-08-27 08:02:04,446 - INFO - Loading dataset...
2024-08-27 08:03:24,850 - INFO - Loading tokenizer from HooshvareLab/bert-base-parsbert-uncased
2024-08-27 08:03:26,217 - INFO - Loading model from HooshvareLab/bert-base-parsbert-uncased
2024-08-27 08:03:27,246 - INFO - Tokenizing dataset...
2024-08-27 08:03:27,373 - INFO - Initializing Trainer...
2024-08-27 08:03:27,475 - INFO - Starting training...
2024-08-27 08:05:28,693 - INFO - Evaluating model on the test dataset...
2024-08-27 08:05:29,515 - INFO - 

=================FarsTail Dataset Results: 

2024-08-27 08:05:29,515 - INFO - 

******************************
Test results: {'eval_loss': 1.1504714488983154, 'eval_accuracy': 0.821611253196931, 'eval_f1': 0.8214457648907375, 'eval_runtime': 0.8194, 'eval_samples_per_second': 1908.735, 'eval_steps_per_second': 59.801, 'epoch': 7.0}
******************************


2024-08-27 08:05:29,516 - INFO - 

DeepSentiPers

2024-08-27 08:05:29,516 - INFO - Loading dataset...
2024-08-27 08:05:42,032 - INFO - Mapping labels to ternary classification
2024-08-27 08:05:42,119 - INFO - Loading tokenizer from HooshvareLab/bert-base-parsbert-uncased
2024-08-27 08:05:43,336 - INFO - Loading model from HooshvareLab/bert-base-parsbert-uncased
2024-08-27 08:05:44,638 - INFO - Tokenizing dataset...
2024-08-27 08:05:47,499 - INFO - Initializing Trainer...
2024-08-27 08:05:47,596 - INFO - Starting training...
2024-08-27 08:07:43,361 - INFO - Evaluating model on the test dataset...
2024-08-27 08:07:46,915 - INFO - 

=================DeepSentiPers Dataset Results: 

2024-08-27 08:07:46,915 - INFO - 

******************************
Test results: {'eval_loss': 0.551355242729187, 'eval_accuracy': 0.8031283710895362, 'eval_f1': 0.7630507495057044, 'eval_runtime': 3.5517, 'eval_samples_per_second': 522.009, 'eval_steps_per_second': 32.661, 'epoch': 3.0}
******************************


2024-08-27 08:07:46,917 - INFO - 

ParsiNLU_Multi

2024-08-27 08:07:46,917 - INFO - Loading dataset...
2024-08-27 08:08:05,126 - INFO - Loading tokenizer from HooshvareLab/bert-base-parsbert-uncased
2024-08-27 08:08:06,022 - INFO - Loading model from HooshvareLab/bert-base-parsbert-uncased
2024-08-27 08:08:07,433 - INFO - Tokenizing dataset...
2024-08-27 08:08:07,970 - INFO - Initializing Trainer...
2024-08-27 08:08:08,108 - INFO - Starting training...
2024-08-27 08:08:34,487 - INFO - Evaluating model on the test dataset...
2024-08-27 08:08:35,323 - INFO - 

=================ParsiNLU Dataset Results: 

2024-08-27 08:08:35,323 - INFO - 

******************************
Test results: {'eval_loss': 2.309370756149292, 'eval_accuracy': 0.3619047619047619, 'eval_f1-weighted': 0.3611598065481671, 'eval_precision': 0.3660511046327495, 'eval_recall': 0.3619047619047619, 'eval_runtime': 0.8328, 'eval_samples_per_second': 1260.789, 'eval_steps_per_second': 39.625, 'epoch': 7.0}
******************************


