2024-11-16 13:53:46,025 - INFO - 





##################################################





##################################################
################# Starting #################
##################################################





##################################################






2024-11-16 13:53:46,025 - INFO - 


==================================Testing on Persian Dataset: ==================================


2024-11-16 13:53:46,025 - INFO - 

PQuAD

2024-11-16 13:53:46,025 - INFO - Loading dataset...
2024-11-16 13:53:49,071 - INFO - Loading tokenizer from /mnt/data/ez-workspace/RetroMAE/results/RetroMAE_ourfarsi_base_unprocess_tokatokenizer/checkpoint-1100000
2024-11-16 13:53:49,138 - INFO - Loading model from /mnt/data/ez-workspace/RetroMAE/results/RetroMAE_ourfarsi_base_unprocess_tokatokenizer/checkpoint-1100000
2024-11-16 13:53:49,209 - INFO - Tokenizing dataset...
2024-11-16 13:53:59,694 - INFO - Initializing Trainer...
2024-11-16 13:54:00,318 - INFO - Starting training...
2024-11-16 14:00:57,071 - INFO - Evaluating model on the test dataset...
2024-11-16 14:01:28,102 - INFO - 

=================SQuAD Dataset Results: 

2024-11-16 14:01:28,102 - INFO - 

******************************
Test results: {'eval_exact_match': 71.27135348226018, 'eval_f1': 87.21202289146518, 'eval_runtime': 8.223, 'eval_samples_per_second': 740.367, 'eval_steps_per_second': 11.675, 'epoch': 2.0}
******************************


2024-11-16 14:01:28,110 - INFO - 

FarsTail

2024-11-16 14:01:28,110 - INFO - Loading dataset...
2024-11-16 14:01:34,350 - INFO - Loading tokenizer from /mnt/data/ez-workspace/RetroMAE/results/RetroMAE_ourfarsi_base_unprocess_tokatokenizer/checkpoint-1100000
2024-11-16 14:01:34,400 - INFO - Loading model from /mnt/data/ez-workspace/RetroMAE/results/RetroMAE_ourfarsi_base_unprocess_tokatokenizer/checkpoint-1100000
2024-11-16 14:01:34,457 - INFO - Tokenizing dataset...
2024-11-16 14:01:37,945 - INFO - Initializing Trainer...
2024-11-16 14:01:38,087 - INFO - Starting training...
2024-11-16 14:03:37,618 - INFO - Evaluating model on the test dataset...
2024-11-16 14:03:38,460 - INFO - 

=================FarsTail Dataset Results: 

2024-11-16 14:03:38,460 - INFO - 

******************************
Test results: {'eval_loss': 1.0833905935287476, 'eval_accuracy': 0.4251918158567775, 'eval_f1': 0.32798351874742476, 'eval_runtime': 0.8397, 'eval_samples_per_second': 1862.531, 'eval_steps_per_second': 58.353, 'epoch': 7.0}
******************************


2024-11-16 14:03:38,461 - INFO - 

DeepSentiPers

2024-11-16 14:03:38,462 - INFO - Loading dataset...
2024-11-16 14:03:41,076 - INFO - Mapping labels to ternary classification
2024-11-16 14:03:41,156 - INFO - Loading tokenizer from /mnt/data/ez-workspace/RetroMAE/results/RetroMAE_ourfarsi_base_unprocess_tokatokenizer/checkpoint-1100000
2024-11-16 14:03:41,210 - INFO - Loading model from /mnt/data/ez-workspace/RetroMAE/results/RetroMAE_ourfarsi_base_unprocess_tokatokenizer/checkpoint-1100000
2024-11-16 14:03:41,258 - INFO - Tokenizing dataset...
2024-11-16 14:03:42,620 - INFO - Initializing Trainer...
2024-11-16 14:03:42,777 - INFO - Starting training...
2024-11-16 14:04:59,196 - INFO - Evaluating model on the test dataset...
2024-11-16 14:05:00,936 - INFO - 

=================DeepSentiPers Dataset Results: 

2024-11-16 14:05:00,936 - INFO - 

******************************
Test results: {'eval_loss': 0.4840218126773834, 'eval_accuracy': 0.8182308522114348, 'eval_f1': 0.7859462413456061, 'eval_runtime': 1.7369, 'eval_samples_per_second': 1067.435, 'eval_steps_per_second': 66.787, 'epoch': 3.0}
******************************


2024-11-16 14:05:00,937 - INFO - 

ParsiNLU_Multi

2024-11-16 14:05:00,937 - INFO - Loading dataset...
2024-11-16 14:05:05,008 - INFO - Loading tokenizer from /mnt/data/ez-workspace/RetroMAE/results/RetroMAE_ourfarsi_base_unprocess_tokatokenizer/checkpoint-1100000
2024-11-16 14:05:05,066 - INFO - Loading model from /mnt/data/ez-workspace/RetroMAE/results/RetroMAE_ourfarsi_base_unprocess_tokatokenizer/checkpoint-1100000
2024-11-16 14:05:08,319 - INFO - Tokenizing dataset...
2024-11-16 14:05:09,565 - INFO - Initializing Trainer...
2024-11-16 14:05:09,716 - INFO - Starting training...
2024-11-16 14:05:37,093 - INFO - Evaluating model on the test dataset...
2024-11-16 14:05:37,853 - INFO - 

=================ParsiNLU Dataset Results: 

2024-11-16 14:05:37,853 - INFO - 

******************************
Test results: {'eval_loss': 1.5680692195892334, 'eval_accuracy': 0.2914285714285714, 'eval_f1-weighted': 0.29260553987639953, 'eval_precision': 0.2957820013244564, 'eval_recall': 0.2914285714285714, 'eval_runtime': 0.7576, 'eval_samples_per_second': 1385.9, 'eval_steps_per_second': 43.557, 'epoch': 7.0}
******************************


