2024-11-16 13:41:14,433 - INFO - 





##################################################





##################################################
################# Starting #################
##################################################





##################################################






2024-11-16 13:41:14,434 - INFO - 


==================================Testing on Persian Dataset: ==================================


2024-11-16 13:41:14,434 - INFO - 

PQuAD

2024-11-16 13:41:14,434 - INFO - Loading dataset...
2024-11-16 13:41:17,502 - INFO - Loading tokenizer from /mnt/data/ez-workspace/RetroMAE/results/RetroMAE_ourfarsi_unprocess_tokatokenizer/checkpoint-1100000
2024-11-16 13:41:17,568 - INFO - Loading model from /mnt/data/ez-workspace/RetroMAE/results/RetroMAE_ourfarsi_unprocess_tokatokenizer/checkpoint-1100000
2024-11-16 13:41:17,642 - INFO - Tokenizing dataset...
2024-11-16 13:41:28,290 - INFO - Initializing Trainer...
2024-11-16 13:41:29,093 - INFO - Starting training...
2024-11-16 13:48:27,701 - INFO - Evaluating model on the test dataset...
2024-11-16 13:48:58,545 - INFO - 

=================SQuAD Dataset Results: 

2024-11-16 13:48:58,545 - INFO - 

******************************
Test results: {'eval_exact_match': 70.71287779237845, 'eval_f1': 87.39658106707803, 'eval_runtime': 8.2497, 'eval_samples_per_second': 737.968, 'eval_steps_per_second': 11.637, 'epoch': 2.0}
******************************


2024-11-16 13:48:58,554 - INFO - 

FarsTail

2024-11-16 13:48:58,554 - INFO - Loading dataset...
2024-11-16 13:49:02,494 - INFO - Loading tokenizer from /mnt/data/ez-workspace/RetroMAE/results/RetroMAE_ourfarsi_unprocess_tokatokenizer/checkpoint-1100000
2024-11-16 13:49:02,545 - INFO - Loading model from /mnt/data/ez-workspace/RetroMAE/results/RetroMAE_ourfarsi_unprocess_tokatokenizer/checkpoint-1100000
2024-11-16 13:49:02,603 - INFO - Tokenizing dataset...
2024-11-16 13:49:05,840 - INFO - Initializing Trainer...
2024-11-16 13:49:06,071 - INFO - Starting training...
2024-11-16 13:51:06,444 - INFO - Evaluating model on the test dataset...
2024-11-16 13:51:07,287 - INFO - 

=================FarsTail Dataset Results: 

2024-11-16 13:51:07,288 - INFO - 

******************************
Test results: {'eval_loss': 0.8261746168136597, 'eval_accuracy': 0.842071611253197, 'eval_f1': 0.8408339333984408, 'eval_runtime': 0.8411, 'eval_samples_per_second': 1859.377, 'eval_steps_per_second': 58.254, 'epoch': 7.0}
******************************


2024-11-16 13:51:07,289 - INFO - 

DeepSentiPers

2024-11-16 13:51:07,289 - INFO - Loading dataset...
2024-11-16 13:51:10,493 - INFO - Mapping labels to ternary classification
2024-11-16 13:51:10,573 - INFO - Loading tokenizer from /mnt/data/ez-workspace/RetroMAE/results/RetroMAE_ourfarsi_unprocess_tokatokenizer/checkpoint-1100000
2024-11-16 13:51:10,643 - INFO - Loading model from /mnt/data/ez-workspace/RetroMAE/results/RetroMAE_ourfarsi_unprocess_tokatokenizer/checkpoint-1100000
2024-11-16 13:51:10,690 - INFO - Tokenizing dataset...
2024-11-16 13:51:12,218 - INFO - Initializing Trainer...
2024-11-16 13:51:12,348 - INFO - Starting training...
2024-11-16 13:52:31,763 - INFO - Evaluating model on the test dataset...
2024-11-16 13:52:33,928 - INFO - 

=================DeepSentiPers Dataset Results: 

2024-11-16 13:52:33,929 - INFO - 

******************************
Test results: {'eval_loss': 0.48978638648986816, 'eval_accuracy': 0.8451995685005393, 'eval_f1': 0.818881448808967, 'eval_runtime': 2.1624, 'eval_samples_per_second': 857.399, 'eval_steps_per_second': 53.645, 'epoch': 3.0}
******************************


2024-11-16 13:52:33,929 - INFO - 

ParsiNLU_Multi

2024-11-16 13:52:33,930 - INFO - Loading dataset...
2024-11-16 13:52:37,819 - INFO - Loading tokenizer from /mnt/data/ez-workspace/RetroMAE/results/RetroMAE_ourfarsi_unprocess_tokatokenizer/checkpoint-1100000
2024-11-16 13:52:37,874 - INFO - Loading model from /mnt/data/ez-workspace/RetroMAE/results/RetroMAE_ourfarsi_unprocess_tokatokenizer/checkpoint-1100000
2024-11-16 13:52:41,316 - INFO - Tokenizing dataset...
2024-11-16 13:52:42,537 - INFO - Initializing Trainer...
2024-11-16 13:52:42,693 - INFO - Starting training...
2024-11-16 13:53:10,093 - INFO - Evaluating model on the test dataset...
2024-11-16 13:53:10,861 - INFO - 

=================ParsiNLU Dataset Results: 

2024-11-16 13:53:10,861 - INFO - 

******************************
Test results: {'eval_loss': 1.4138065576553345, 'eval_accuracy': 0.2923809523809524, 'eval_f1-weighted': 0.29425679358747786, 'eval_precision': 0.2996717121960429, 'eval_recall': 0.2923809523809524, 'eval_runtime': 0.7648, 'eval_samples_per_second': 1372.996, 'eval_steps_per_second': 43.151, 'epoch': 7.0}
******************************


