2024-10-08 06:34:18,943 - INFO - 





##################################################





##################################################
################# Starting #################
##################################################





##################################################






2024-10-08 06:34:18,943 - INFO - 


==================================Testing on Persian Dataset: ==================================


2024-10-08 06:34:18,943 - INFO - 

PQuAD

2024-10-08 06:34:18,943 - INFO - Loading dataset...
2024-10-08 06:34:22,470 - INFO - Loading tokenizer from /mnt/data/mehran-workspace/language-model/compare-models-on-downstream-tasks/find-best-checkpoint-ds/ourfarsi_tookatokenizer_wwm-r_grouptext/checkpoint-300000
2024-10-08 06:34:22,525 - INFO - Loading model from /mnt/data/mehran-workspace/language-model/compare-models-on-downstream-tasks/find-best-checkpoint-ds/ourfarsi_tookatokenizer_wwm-r_grouptext/checkpoint-300000
2024-10-08 06:34:22,588 - INFO - Tokenizing dataset...
2024-10-08 06:34:31,633 - INFO - Initializing Trainer...
2024-10-08 06:34:32,103 - INFO - Starting training...
2024-10-08 06:41:09,795 - INFO - Evaluating model on the test dataset...
2024-10-08 06:41:36,651 - INFO - 

=================SQuAD Dataset Results: 

2024-10-08 06:41:36,651 - INFO - 

******************************
Test results: {'eval_exact_match': 69.66162943495401, 'eval_f1': 86.29956608782166, 'eval_runtime': 7.7693, 'eval_samples_per_second': 783.598, 'eval_steps_per_second': 12.356, 'epoch': 2.0}
******************************


2024-10-08 06:41:36,657 - INFO - 

FarsTail

2024-10-08 06:41:36,657 - INFO - Loading dataset...
2024-10-08 06:41:41,286 - INFO - Loading tokenizer from /mnt/data/mehran-workspace/language-model/compare-models-on-downstream-tasks/find-best-checkpoint-ds/ourfarsi_tookatokenizer_wwm-r_grouptext/checkpoint-300000
2024-10-08 06:41:41,333 - INFO - Loading model from /mnt/data/mehran-workspace/language-model/compare-models-on-downstream-tasks/find-best-checkpoint-ds/ourfarsi_tookatokenizer_wwm-r_grouptext/checkpoint-300000
2024-10-08 06:41:41,385 - INFO - Tokenizing dataset...
2024-10-08 06:41:44,019 - INFO - Initializing Trainer...
2024-10-08 06:41:44,145 - INFO - Starting training...
2024-10-08 06:43:24,327 - INFO - Evaluating model on the test dataset...
2024-10-08 06:43:25,001 - INFO - 

=================FarsTail Dataset Results: 

2024-10-08 06:43:25,002 - INFO - 

******************************
Test results: {'eval_loss': 0.9957963824272156, 'eval_accuracy': 0.8101023017902813, 'eval_f1': 0.8103060024720437, 'eval_runtime': 0.6721, 'eval_samples_per_second': 2327.148, 'eval_steps_per_second': 72.909, 'epoch': 7.0}
******************************


2024-10-08 06:43:25,002 - INFO - 

DeepSentiPers

2024-10-08 06:43:25,002 - INFO - Loading dataset...
2024-10-08 06:43:30,055 - INFO - Mapping labels to ternary classification
2024-10-08 06:43:30,122 - INFO - Loading tokenizer from /mnt/data/mehran-workspace/language-model/compare-models-on-downstream-tasks/find-best-checkpoint-ds/ourfarsi_tookatokenizer_wwm-r_grouptext/checkpoint-300000
2024-10-08 06:43:30,169 - INFO - Loading model from /mnt/data/mehran-workspace/language-model/compare-models-on-downstream-tasks/find-best-checkpoint-ds/ourfarsi_tookatokenizer_wwm-r_grouptext/checkpoint-300000
2024-10-08 06:43:30,212 - INFO - Tokenizing dataset...
2024-10-08 06:43:31,243 - INFO - Initializing Trainer...
2024-10-08 06:43:31,366 - INFO - Starting training...
2024-10-08 06:44:35,985 - INFO - Evaluating model on the test dataset...
2024-10-08 06:44:37,394 - INFO - 

=================DeepSentiPers Dataset Results: 

2024-10-08 06:44:37,394 - INFO - 

******************************
Test results: {'eval_loss': 0.5898305773735046, 'eval_accuracy': 0.8160733549083063, 'eval_f1': 0.7789359854320271, 'eval_runtime': 1.4066, 'eval_samples_per_second': 1318.111, 'eval_steps_per_second': 82.471, 'epoch': 3.0}
******************************


2024-10-08 06:44:37,395 - INFO - 

ParsiNLU_Multi

2024-10-08 06:44:37,395 - INFO - Loading dataset...
2024-10-08 06:44:43,320 - INFO - Loading tokenizer from /mnt/data/mehran-workspace/language-model/compare-models-on-downstream-tasks/find-best-checkpoint-ds/ourfarsi_tookatokenizer_wwm-r_grouptext/checkpoint-300000
2024-10-08 06:44:43,371 - INFO - Loading model from /mnt/data/mehran-workspace/language-model/compare-models-on-downstream-tasks/find-best-checkpoint-ds/ourfarsi_tookatokenizer_wwm-r_grouptext/checkpoint-300000
2024-10-08 06:44:45,998 - INFO - Tokenizing dataset...
2024-10-08 06:44:47,072 - INFO - Initializing Trainer...
2024-10-08 06:44:47,196 - INFO - Starting training...
2024-10-08 06:45:11,907 - INFO - Evaluating model on the test dataset...
2024-10-08 06:45:12,611 - INFO - 

=================ParsiNLU Dataset Results: 

2024-10-08 06:45:12,611 - INFO - 

******************************
Test results: {'eval_loss': 2.0638184547424316, 'eval_accuracy': 0.32476190476190475, 'eval_f1-weighted': 0.32572901031093016, 'eval_precision': 0.33088748199307993, 'eval_recall': 0.32476190476190475, 'eval_runtime': 0.7016, 'eval_samples_per_second': 1496.477, 'eval_steps_per_second': 47.032, 'epoch': 7.0}
******************************


