2025-02-22 10:28:07,217 - INFO - 





##################################################





##################################################
################# Starting #################
##################################################





##################################################






2025-02-22 10:28:07,217 - INFO - 


==================================Testing on Persian Dataset: ==================================


2025-02-22 10:28:07,217 - INFO - 

PQuAD

2025-02-22 10:28:07,217 - INFO - Loading dataset...
2025-02-22 10:28:12,133 - INFO - Loading tokenizer from /mnt/data/ez-workspace/RetroMAE/results/RetroMAE_ourspacedwordpiece_ourlinebyline/checkpoint-1564218
2025-02-22 10:28:12,162 - INFO - Loading model from /mnt/data/ez-workspace/RetroMAE/results/RetroMAE_ourspacedwordpiece_ourlinebyline/checkpoint-1564218
2025-02-22 10:28:12,224 - INFO - Tokenizing dataset...
2025-02-22 10:28:22,480 - INFO - Initializing Trainer...
2025-02-22 10:28:22,821 - INFO - Starting training...
2025-02-22 10:35:27,537 - INFO - Evaluating model on the test dataset...
2025-02-22 10:35:58,274 - INFO - 

=================SQuAD Dataset Results: 

2025-02-22 10:35:58,274 - INFO - 

******************************
Test results: {'eval_exact_match': 72.22404730617609, 'eval_f1': 88.18324601987268, 'eval_runtime': 8.8835, 'eval_samples_per_second': 685.314, 'eval_steps_per_second': 10.807, 'epoch': 2.0}
******************************


2025-02-22 10:35:58,282 - INFO - 

FarsTail

2025-02-22 10:35:58,282 - INFO - Loading dataset...
2025-02-22 10:36:04,069 - INFO - Loading tokenizer from /mnt/data/ez-workspace/RetroMAE/results/RetroMAE_ourspacedwordpiece_ourlinebyline/checkpoint-1564218
2025-02-22 10:36:04,088 - INFO - Loading model from /mnt/data/ez-workspace/RetroMAE/results/RetroMAE_ourspacedwordpiece_ourlinebyline/checkpoint-1564218
2025-02-22 10:36:04,139 - INFO - Tokenizing dataset...
2025-02-22 10:36:07,542 - INFO - Initializing Trainer...
2025-02-22 10:36:07,674 - INFO - Starting training...
2025-02-22 10:37:48,286 - INFO - Evaluating model on the test dataset...
2025-02-22 10:37:49,045 - INFO - 

=================FarsTail Dataset Results: 

2025-02-22 10:37:49,045 - INFO - 

******************************
Test results: {'eval_loss': 0.6422532200813293, 'eval_accuracy': 0.8273657289002557, 'eval_f1': 0.8260245754088086, 'eval_runtime': 0.7557, 'eval_samples_per_second': 2069.659, 'eval_steps_per_second': 64.842, 'epoch': 7.0}
******************************


2025-02-22 10:37:49,046 - INFO - 

DeepSentiPers

2025-02-22 10:37:49,046 - INFO - Loading dataset...
2025-02-22 10:37:53,509 - INFO - Mapping labels to ternary classification
2025-02-22 10:37:53,574 - INFO - Loading tokenizer from /mnt/data/ez-workspace/RetroMAE/results/RetroMAE_ourspacedwordpiece_ourlinebyline/checkpoint-1564218
2025-02-22 10:37:53,595 - INFO - Loading model from /mnt/data/ez-workspace/RetroMAE/results/RetroMAE_ourspacedwordpiece_ourlinebyline/checkpoint-1564218
2025-02-22 10:37:53,636 - INFO - Tokenizing dataset...
2025-02-22 10:37:54,945 - INFO - Initializing Trainer...
2025-02-22 10:37:55,063 - INFO - Starting training...
2025-02-22 10:39:09,131 - INFO - Evaluating model on the test dataset...
2025-02-22 10:39:10,688 - INFO - 

=================DeepSentiPers Dataset Results: 

2025-02-22 10:39:10,688 - INFO - 

******************************
Test results: {'eval_loss': 0.5082137584686279, 'eval_accuracy': 0.8268608414239482, 'eval_f1': 0.7989957116150483, 'eval_runtime': 1.5539, 'eval_samples_per_second': 1193.161, 'eval_steps_per_second': 74.653, 'epoch': 3.0}
******************************


2025-02-22 10:39:10,688 - INFO - 

ParsiNLU_Multi

2025-02-22 10:39:10,688 - INFO - Loading dataset...
2025-02-22 10:39:15,724 - INFO - Loading tokenizer from /mnt/data/ez-workspace/RetroMAE/results/RetroMAE_ourspacedwordpiece_ourlinebyline/checkpoint-1564218
2025-02-22 10:39:15,747 - INFO - Loading model from /mnt/data/ez-workspace/RetroMAE/results/RetroMAE_ourspacedwordpiece_ourlinebyline/checkpoint-1564218
2025-02-22 10:39:18,545 - INFO - Tokenizing dataset...
2025-02-22 10:39:19,945 - INFO - Initializing Trainer...
2025-02-22 10:39:20,085 - INFO - Starting training...
2025-02-22 10:39:45,088 - INFO - Evaluating model on the test dataset...
2025-02-22 10:39:45,863 - INFO - 

=================ParsiNLU Dataset Results: 

2025-02-22 10:39:45,864 - INFO - 

******************************
Test results: {'eval_loss': 1.3828961849212646, 'eval_accuracy': 0.2704761904761905, 'eval_f1-weighted': 0.27140629192450894, 'eval_precision': 0.27551056796146456, 'eval_recall': 0.2704761904761905, 'eval_runtime': 0.7719, 'eval_samples_per_second': 1360.239, 'eval_steps_per_second': 42.75, 'epoch': 7.0}
******************************


