2024-11-16 08:50:14,373 - INFO - 





##################################################





##################################################
################# Starting #################
##################################################





##################################################






2024-11-16 08:50:14,373 - INFO - 


==================================Testing on Persian Dataset: ==================================


2024-11-16 08:50:14,373 - INFO - 

PQuAD

2024-11-16 08:50:14,373 - INFO - Loading dataset...
2024-11-16 08:50:17,161 - INFO - Loading tokenizer from /mnt/data/ez-workspace/RetroMAE/results/RetroMAE_ourfarsi_base_unprocess_tokatokenizer
2024-11-16 08:50:17,223 - INFO - Loading model from /mnt/data/ez-workspace/RetroMAE/results/RetroMAE_ourfarsi_base_unprocess_tokatokenizer
2024-11-16 08:50:17,289 - INFO - Tokenizing dataset...
2024-11-16 08:50:27,107 - INFO - Initializing Trainer...
2024-11-16 08:50:27,517 - INFO - Starting training...
2024-11-16 08:57:13,888 - INFO - Evaluating model on the test dataset...
2024-11-16 08:57:42,047 - INFO - 

=================SQuAD Dataset Results: 

2024-11-16 08:57:42,048 - INFO - 

******************************
Test results: {'eval_exact_match': 71.81340341655716, 'eval_f1': 87.68602860134833, 'eval_runtime': 7.921, 'eval_samples_per_second': 768.592, 'eval_steps_per_second': 12.12, 'epoch': 2.0}
******************************


2024-11-16 08:57:42,057 - INFO - 

FarsTail

2024-11-16 08:57:42,058 - INFO - Loading dataset...
2024-11-16 08:57:46,073 - INFO - Loading tokenizer from /mnt/data/ez-workspace/RetroMAE/results/RetroMAE_ourfarsi_base_unprocess_tokatokenizer
2024-11-16 08:57:46,123 - INFO - Loading model from /mnt/data/ez-workspace/RetroMAE/results/RetroMAE_ourfarsi_base_unprocess_tokatokenizer
2024-11-16 08:57:46,178 - INFO - Tokenizing dataset...
2024-11-16 08:57:49,011 - INFO - Initializing Trainer...
2024-11-16 08:57:49,185 - INFO - Starting training...
2024-11-16 08:59:40,456 - INFO - Evaluating model on the test dataset...
2024-11-16 08:59:41,212 - INFO - 

=================FarsTail Dataset Results: 

2024-11-16 08:59:41,213 - INFO - 

******************************
Test results: {'eval_loss': 0.8630637526512146, 'eval_accuracy': 0.84846547314578, 'eval_f1': 0.8476392305453019, 'eval_runtime': 0.7537, 'eval_samples_per_second': 2075.153, 'eval_steps_per_second': 65.014, 'epoch': 7.0}
******************************


2024-11-16 08:59:41,214 - INFO - 

DeepSentiPers

2024-11-16 08:59:41,214 - INFO - Loading dataset...
2024-11-16 08:59:44,071 - INFO - Mapping labels to ternary classification
2024-11-16 08:59:44,144 - INFO - Loading tokenizer from /mnt/data/ez-workspace/RetroMAE/results/RetroMAE_ourfarsi_base_unprocess_tokatokenizer
2024-11-16 08:59:44,197 - INFO - Loading model from /mnt/data/ez-workspace/RetroMAE/results/RetroMAE_ourfarsi_base_unprocess_tokatokenizer
2024-11-16 08:59:44,241 - INFO - Tokenizing dataset...
2024-11-16 08:59:45,329 - INFO - Initializing Trainer...
2024-11-16 08:59:45,618 - INFO - Starting training...
2024-11-16 09:00:57,163 - INFO - Evaluating model on the test dataset...
2024-11-16 09:00:58,760 - INFO - 

=================DeepSentiPers Dataset Results: 

2024-11-16 09:00:58,760 - INFO - 

******************************
Test results: {'eval_loss': 0.5528848767280579, 'eval_accuracy': 0.8182308522114348, 'eval_f1': 0.7831304747058864, 'eval_runtime': 1.5939, 'eval_samples_per_second': 1163.175, 'eval_steps_per_second': 72.777, 'epoch': 3.0}
******************************


2024-11-16 09:00:58,761 - INFO - 

ParsiNLU_Multi

2024-11-16 09:00:58,761 - INFO - Loading dataset...
2024-11-16 09:01:02,306 - INFO - Loading tokenizer from /mnt/data/ez-workspace/RetroMAE/results/RetroMAE_ourfarsi_base_unprocess_tokatokenizer
2024-11-16 09:01:02,361 - INFO - Loading model from /mnt/data/ez-workspace/RetroMAE/results/RetroMAE_ourfarsi_base_unprocess_tokatokenizer
2024-11-16 09:01:05,927 - INFO - Tokenizing dataset...
2024-11-16 09:01:07,096 - INFO - Initializing Trainer...
2024-11-16 09:01:07,419 - INFO - Starting training...
2024-11-16 09:01:33,246 - INFO - Evaluating model on the test dataset...
2024-11-16 09:01:33,985 - INFO - 

=================ParsiNLU Dataset Results: 

2024-11-16 09:01:33,985 - INFO - 

******************************
Test results: {'eval_loss': 1.3805482387542725, 'eval_accuracy': 0.3057142857142857, 'eval_f1-weighted': 0.3059780336336059, 'eval_precision': 0.30885846036202785, 'eval_recall': 0.3057142857142857, 'eval_runtime': 0.7351, 'eval_samples_per_second': 1428.296, 'eval_steps_per_second': 44.889, 'epoch': 7.0}
******************************


