2024-12-10 14:30:04,454 - INFO - 





##################################################





##################################################
################# Starting #################
##################################################





##################################################






2024-12-10 14:30:04,454 - INFO - 


==================================Testing on Persian Dataset: ==================================


2024-12-10 14:30:04,454 - INFO - 

PQuAD

2024-12-10 14:30:04,454 - INFO - Loading dataset...
2024-12-10 14:30:07,637 - INFO - Loading tokenizer from /mnt/data/mehran-workspace/language-model/compare-models-on-downstream-tasks/all-in-one/checkpoint-225000
2024-12-10 14:30:07,707 - INFO - Loading model from /mnt/data/mehran-workspace/language-model/compare-models-on-downstream-tasks/all-in-one/checkpoint-225000
2024-12-10 14:30:07,844 - INFO - Tokenizing dataset...
2024-12-10 14:30:18,500 - INFO - Initializing Trainer...
2024-12-10 14:30:19,075 - INFO - Starting training...
2024-12-10 14:47:06,367 - INFO - Evaluating model on the test dataset...
2024-12-10 14:47:47,162 - INFO - 

=================SQuAD Dataset Results: 

2024-12-10 14:47:47,162 - INFO - 

******************************
Test results: {'eval_exact_match': 71.63272010512483, 'eval_f1': 88.33413989882345, 'eval_runtime': 18.638, 'eval_samples_per_second': 326.645, 'eval_steps_per_second': 5.151, 'epoch': 2.0}
******************************


2024-12-10 14:47:47,170 - INFO - 

FarsTail

2024-12-10 14:47:47,171 - INFO - Loading dataset...
2024-12-10 14:47:51,996 - INFO - Loading tokenizer from /mnt/data/mehran-workspace/language-model/compare-models-on-downstream-tasks/all-in-one/checkpoint-225000
2024-12-10 14:47:52,046 - INFO - Loading model from /mnt/data/mehran-workspace/language-model/compare-models-on-downstream-tasks/all-in-one/checkpoint-225000
2024-12-10 14:47:52,354 - INFO - Tokenizing dataset...
2024-12-10 14:47:55,602 - INFO - Initializing Trainer...
2024-12-10 14:47:55,955 - INFO - Starting training...
2024-12-10 14:52:16,921 - INFO - Evaluating model on the test dataset...
2024-12-10 14:52:18,460 - INFO - 

=================FarsTail Dataset Results: 

2024-12-10 14:52:18,460 - INFO - 

******************************
Test results: {'eval_loss': 0.8138296604156494, 'eval_accuracy': 0.8388746803069054, 'eval_f1': 0.8375849968558403, 'eval_runtime': 1.5361, 'eval_samples_per_second': 1018.132, 'eval_steps_per_second': 31.898, 'epoch': 7.0}
******************************


2024-12-10 14:52:18,461 - INFO - 

DeepSentiPers

2024-12-10 14:52:18,462 - INFO - Loading dataset...
2024-12-10 14:52:23,395 - INFO - Mapping labels to ternary classification
2024-12-10 14:52:23,488 - INFO - Loading tokenizer from /mnt/data/mehran-workspace/language-model/compare-models-on-downstream-tasks/all-in-one/checkpoint-225000
2024-12-10 14:52:23,554 - INFO - Loading model from /mnt/data/mehran-workspace/language-model/compare-models-on-downstream-tasks/all-in-one/checkpoint-225000
2024-12-10 14:52:23,671 - INFO - Tokenizing dataset...
2024-12-10 14:52:24,974 - INFO - Initializing Trainer...
2024-12-10 14:52:25,308 - INFO - Starting training...
2024-12-10 14:54:46,171 - INFO - Evaluating model on the test dataset...
2024-12-10 14:54:49,562 - INFO - 

=================DeepSentiPers Dataset Results: 

2024-12-10 14:54:49,562 - INFO - 

******************************
Test results: {'eval_loss': 0.5982779264450073, 'eval_accuracy': 0.8241639697950378, 'eval_f1': 0.7926383169317912, 'eval_runtime': 3.3891, 'eval_samples_per_second': 547.055, 'eval_steps_per_second': 34.228, 'epoch': 3.0}
******************************


2024-12-10 14:54:49,563 - INFO - 

ParsiNLU_Multi

2024-12-10 14:54:49,563 - INFO - Loading dataset...
2024-12-10 14:54:53,646 - INFO - Loading tokenizer from /mnt/data/mehran-workspace/language-model/compare-models-on-downstream-tasks/all-in-one/checkpoint-225000
2024-12-10 14:54:53,698 - INFO - Loading model from /mnt/data/mehran-workspace/language-model/compare-models-on-downstream-tasks/all-in-one/checkpoint-225000
2024-12-10 14:54:57,411 - INFO - Tokenizing dataset...
2024-12-10 14:54:58,730 - INFO - Initializing Trainer...
2024-12-10 14:54:59,082 - INFO - Starting training...
2024-12-10 14:56:04,937 - INFO - Evaluating model on the test dataset...
2024-12-10 14:56:06,690 - INFO - 

=================ParsiNLU Dataset Results: 

2024-12-10 14:56:06,690 - INFO - 

******************************
Test results: {'eval_loss': 2.3157732486724854, 'eval_accuracy': 0.3219047619047619, 'eval_f1-weighted': 0.32257520512445353, 'eval_precision': 0.3250137690846847, 'eval_recall': 0.3219047619047619, 'eval_runtime': 1.7499, 'eval_samples_per_second': 600.022, 'eval_steps_per_second': 18.858, 'epoch': 7.0}
******************************


