2024-10-12 09:15:43,840 - INFO - 





##################################################





##################################################
################# Starting #################
##################################################





##################################################






2024-10-12 09:15:43,841 - INFO - 


==================================Testing on Persian Dataset: ==================================


2024-10-12 09:15:43,841 - INFO - 

PQuAD

2024-10-12 09:15:43,841 - INFO - Loading dataset...
2024-10-12 09:15:47,457 - INFO - Loading tokenizer from /mnt/data/morteza-workspace/language-model/models/tokenizer/tookabert_tokenizer
2024-10-12 09:15:47,559 - INFO - Loading model from /mnt/data/ez-workspace/FlagEmbedding/FlagEmbedding/baai_general_embedding/results/bge_7neg_all_farsi/checkpoint-240000
2024-10-12 09:15:47,628 - INFO - Tokenizing dataset...
2024-10-12 09:15:48,218 - INFO - Initializing Trainer...
2024-10-12 09:15:48,581 - INFO - Starting training...
2024-10-12 09:22:41,938 - INFO - Evaluating model on the test dataset...
2024-10-12 09:23:11,663 - INFO - 

=================SQuAD Dataset Results: 

2024-10-12 09:23:11,663 - INFO - 

******************************
Test results: {'eval_exact_match': 71.12352168199737, 'eval_f1': 87.6988736663438, 'eval_runtime': 8.0738, 'eval_samples_per_second': 754.046, 'eval_steps_per_second': 11.89, 'epoch': 2.0}
******************************


2024-10-12 09:23:11,673 - INFO - 

FarsTail

2024-10-12 09:23:11,674 - INFO - Loading dataset...
2024-10-12 09:23:16,557 - INFO - Loading tokenizer from /mnt/data/morteza-workspace/language-model/models/tokenizer/tookabert_tokenizer
2024-10-12 09:23:16,633 - INFO - Loading model from /mnt/data/ez-workspace/FlagEmbedding/FlagEmbedding/baai_general_embedding/results/bge_7neg_all_farsi/checkpoint-240000
2024-10-12 09:23:16,691 - INFO - Tokenizing dataset...
2024-10-12 09:23:17,268 - INFO - Initializing Trainer...
2024-10-12 09:23:17,418 - INFO - Starting training...
2024-10-12 09:25:13,520 - INFO - Evaluating model on the test dataset...
2024-10-12 09:25:14,327 - INFO - 

=================FarsTail Dataset Results: 

2024-10-12 09:25:14,327 - INFO - 

******************************
Test results: {'eval_loss': 0.9111758470535278, 'eval_accuracy': 0.8446291560102301, 'eval_f1': 0.8443497221835691, 'eval_runtime': 0.8045, 'eval_samples_per_second': 1944.162, 'eval_steps_per_second': 60.91, 'epoch': 7.0}
******************************


2024-10-12 09:25:14,328 - INFO - 

DeepSentiPers

2024-10-12 09:25:14,328 - INFO - Loading dataset...
2024-10-12 09:25:19,661 - INFO - Mapping labels to ternary classification
2024-10-12 09:25:19,740 - INFO - Loading tokenizer from /mnt/data/morteza-workspace/language-model/models/tokenizer/tookabert_tokenizer
2024-10-12 09:25:19,825 - INFO - Loading model from /mnt/data/ez-workspace/FlagEmbedding/FlagEmbedding/baai_general_embedding/results/bge_7neg_all_farsi/checkpoint-240000
2024-10-12 09:25:19,867 - INFO - Tokenizing dataset...
2024-10-12 09:25:21,069 - INFO - Initializing Trainer...
2024-10-12 09:25:21,242 - INFO - Starting training...
2024-10-12 09:26:33,340 - INFO - Evaluating model on the test dataset...
2024-10-12 09:26:35,023 - INFO - 

=================DeepSentiPers Dataset Results: 

2024-10-12 09:26:35,023 - INFO - 

******************************
Test results: {'eval_loss': 0.5835313200950623, 'eval_accuracy': 0.8349514563106796, 'eval_f1': 0.8082766138519902, 'eval_runtime': 1.6805, 'eval_samples_per_second': 1103.264, 'eval_steps_per_second': 69.028, 'epoch': 3.0}
******************************


2024-10-12 09:26:35,024 - INFO - 

ParsiNLU_Multi

2024-10-12 09:26:35,024 - INFO - Loading dataset...
2024-10-12 09:26:41,984 - INFO - Loading tokenizer from /mnt/data/morteza-workspace/language-model/models/tokenizer/tookabert_tokenizer
2024-10-12 09:26:42,070 - INFO - Loading model from /mnt/data/ez-workspace/FlagEmbedding/FlagEmbedding/baai_general_embedding/results/bge_7neg_all_farsi/checkpoint-240000
2024-10-12 09:26:42,267 - INFO - Tokenizing dataset...
2024-10-12 09:26:42,842 - INFO - Initializing Trainer...
2024-10-12 09:26:42,995 - INFO - Starting training...
2024-10-12 09:27:09,428 - INFO - Evaluating model on the test dataset...
2024-10-12 09:27:10,192 - INFO - 

=================ParsiNLU Dataset Results: 

2024-10-12 09:27:10,192 - INFO - 

******************************
Test results: {'eval_loss': 2.1287105083465576, 'eval_accuracy': 0.3171428571428571, 'eval_f1-weighted': 0.31822852013250685, 'eval_precision': 0.32079565028953333, 'eval_recall': 0.3171428571428571, 'eval_runtime': 0.7599, 'eval_samples_per_second': 1381.7, 'eval_steps_per_second': 43.425, 'epoch': 7.0}
******************************


