2024-11-16 09:04:10,438 - INFO - 





##################################################





##################################################
################# Starting #################
##################################################





##################################################






2024-11-16 09:04:10,438 - INFO - 


==================================Testing on Persian Dataset: ==================================


2024-11-16 09:04:10,438 - INFO - 

PQuAD

2024-11-16 09:04:10,438 - INFO - Loading dataset...
2024-11-16 09:04:14,487 - INFO - Loading tokenizer from /mnt/data/ez-workspace/RetroMAE/results/RetroMAE_ourfarsi_unprocess_tokatokenizer/checkpoint-1600000
2024-11-16 09:04:14,548 - INFO - Loading model from /mnt/data/ez-workspace/RetroMAE/results/RetroMAE_ourfarsi_unprocess_tokatokenizer/checkpoint-1600000
2024-11-16 09:04:14,614 - INFO - Tokenizing dataset...
2024-11-16 09:04:24,809 - INFO - Initializing Trainer...
2024-11-16 09:04:25,188 - INFO - Starting training...
2024-11-16 09:11:13,454 - INFO - Evaluating model on the test dataset...
2024-11-16 09:11:41,077 - INFO - 

=================SQuAD Dataset Results: 

2024-11-16 09:11:41,077 - INFO - 

******************************
Test results: {'eval_exact_match': 71.86268068331144, 'eval_f1': 87.97907384325484, 'eval_runtime': 7.9117, 'eval_samples_per_second': 769.492, 'eval_steps_per_second': 12.134, 'epoch': 2.0}
******************************


2024-11-16 09:11:41,086 - INFO - 

FarsTail

2024-11-16 09:11:41,086 - INFO - Loading dataset...
2024-11-16 09:11:44,917 - INFO - Loading tokenizer from /mnt/data/ez-workspace/RetroMAE/results/RetroMAE_ourfarsi_unprocess_tokatokenizer/checkpoint-1600000
2024-11-16 09:11:44,975 - INFO - Loading model from /mnt/data/ez-workspace/RetroMAE/results/RetroMAE_ourfarsi_unprocess_tokatokenizer/checkpoint-1600000
2024-11-16 09:11:45,029 - INFO - Tokenizing dataset...
2024-11-16 09:11:48,126 - INFO - Initializing Trainer...
2024-11-16 09:11:48,329 - INFO - Starting training...
2024-11-16 09:13:40,907 - INFO - Evaluating model on the test dataset...
2024-11-16 09:13:41,669 - INFO - 

=================FarsTail Dataset Results: 

2024-11-16 09:13:41,669 - INFO - 

******************************
Test results: {'eval_loss': 0.7814744710922241, 'eval_accuracy': 0.842071611253197, 'eval_f1': 0.8394895468513086, 'eval_runtime': 0.7587, 'eval_samples_per_second': 2061.529, 'eval_steps_per_second': 64.588, 'epoch': 7.0}
******************************


2024-11-16 09:13:41,671 - INFO - 

DeepSentiPers

2024-11-16 09:13:41,671 - INFO - Loading dataset...
2024-11-16 09:13:44,235 - INFO - Mapping labels to ternary classification
2024-11-16 09:13:44,308 - INFO - Loading tokenizer from /mnt/data/ez-workspace/RetroMAE/results/RetroMAE_ourfarsi_unprocess_tokatokenizer/checkpoint-1600000
2024-11-16 09:13:44,362 - INFO - Loading model from /mnt/data/ez-workspace/RetroMAE/results/RetroMAE_ourfarsi_unprocess_tokatokenizer/checkpoint-1600000
2024-11-16 09:13:44,406 - INFO - Tokenizing dataset...
2024-11-16 09:13:45,528 - INFO - Initializing Trainer...
2024-11-16 09:13:45,738 - INFO - Starting training...
2024-11-16 09:14:57,017 - INFO - Evaluating model on the test dataset...
2024-11-16 09:14:58,659 - INFO - 

=================DeepSentiPers Dataset Results: 

2024-11-16 09:14:58,659 - INFO - 

******************************
Test results: {'eval_loss': 0.49837103486061096, 'eval_accuracy': 0.8333333333333334, 'eval_f1': 0.8063746368016478, 'eval_runtime': 1.6386, 'eval_samples_per_second': 1131.457, 'eval_steps_per_second': 70.792, 'epoch': 3.0}
******************************


2024-11-16 09:14:58,660 - INFO - 

ParsiNLU_Multi

2024-11-16 09:14:58,660 - INFO - Loading dataset...
2024-11-16 09:15:02,119 - INFO - Loading tokenizer from /mnt/data/ez-workspace/RetroMAE/results/RetroMAE_ourfarsi_unprocess_tokatokenizer/checkpoint-1600000
2024-11-16 09:15:02,175 - INFO - Loading model from /mnt/data/ez-workspace/RetroMAE/results/RetroMAE_ourfarsi_unprocess_tokatokenizer/checkpoint-1600000
2024-11-16 09:15:05,697 - INFO - Tokenizing dataset...
2024-11-16 09:15:06,836 - INFO - Initializing Trainer...
2024-11-16 09:15:06,999 - INFO - Starting training...
2024-11-16 09:15:32,543 - INFO - Evaluating model on the test dataset...
2024-11-16 09:15:33,276 - INFO - 

=================ParsiNLU Dataset Results: 

2024-11-16 09:15:33,276 - INFO - 

******************************
Test results: {'eval_loss': 1.385819435119629, 'eval_accuracy': 0.2714285714285714, 'eval_f1-weighted': 0.2721672097711392, 'eval_precision': 0.2785164257953357, 'eval_recall': 0.2714285714285714, 'eval_runtime': 0.7302, 'eval_samples_per_second': 1438.055, 'eval_steps_per_second': 45.196, 'epoch': 7.0}
******************************


