2024-12-07 09:04:50,373 - INFO - 





##################################################





##################################################
################# Starting #################
##################################################





##################################################






2024-12-07 09:04:50,373 - INFO - 


==================================Testing on Persian Dataset: ==================================


2024-12-07 09:04:50,373 - INFO - 

PQuAD

2024-12-07 09:04:50,373 - INFO - Loading dataset...
2024-12-07 09:04:53,708 - INFO - Loading tokenizer from /mnt/data/ez-workspace/RetroMAE/results/RetroMAE_ourfarsi_rope_unprocess_tokatokenizer
2024-12-07 09:04:53,771 - INFO - Loading model from /mnt/data/ez-workspace/RetroMAE/results/RetroMAE_ourfarsi_rope_unprocess_tokatokenizer
2024-12-07 09:04:53,912 - INFO - Tokenizing dataset...
2024-12-07 09:05:03,929 - INFO - Initializing Trainer...
2024-12-07 09:05:04,319 - INFO - Starting training...
2024-12-07 09:16:19,469 - INFO - Evaluating model on the test dataset...
2024-12-07 09:16:54,326 - INFO - 

=================SQuAD Dataset Results: 

2024-12-07 09:16:54,326 - INFO - 

******************************
Test results: {'eval_exact_match': 71.61629434954008, 'eval_f1': 87.87608634882437, 'eval_runtime': 14.3459, 'eval_samples_per_second': 424.372, 'eval_steps_per_second': 6.692, 'epoch': 2.0}
******************************


2024-12-07 09:16:54,336 - INFO - 

FarsTail

2024-12-07 09:16:54,337 - INFO - Loading dataset...
2024-12-07 09:16:58,398 - INFO - Loading tokenizer from /mnt/data/ez-workspace/RetroMAE/results/RetroMAE_ourfarsi_rope_unprocess_tokatokenizer
2024-12-07 09:16:58,455 - INFO - Loading model from /mnt/data/ez-workspace/RetroMAE/results/RetroMAE_ourfarsi_rope_unprocess_tokatokenizer
2024-12-07 09:16:58,565 - INFO - Tokenizing dataset...
2024-12-07 09:17:01,430 - INFO - Initializing Trainer...
2024-12-07 09:17:01,601 - INFO - Starting training...
2024-12-07 09:19:21,977 - INFO - Evaluating model on the test dataset...
2024-12-07 09:19:23,007 - INFO - 

=================FarsTail Dataset Results: 

2024-12-07 09:19:23,008 - INFO - 

******************************
Test results: {'eval_loss': 0.7537935376167297, 'eval_accuracy': 0.8446291560102301, 'eval_f1': 0.8433312152510414, 'eval_runtime': 1.0276, 'eval_samples_per_second': 1521.942, 'eval_steps_per_second': 47.682, 'epoch': 7.0}
******************************


2024-12-07 09:19:23,009 - INFO - 

DeepSentiPers

2024-12-07 09:19:23,009 - INFO - Loading dataset...
2024-12-07 09:19:25,744 - INFO - Mapping labels to ternary classification
2024-12-07 09:19:25,820 - INFO - Loading tokenizer from /mnt/data/ez-workspace/RetroMAE/results/RetroMAE_ourfarsi_rope_unprocess_tokatokenizer
2024-12-07 09:19:25,875 - INFO - Loading model from /mnt/data/ez-workspace/RetroMAE/results/RetroMAE_ourfarsi_rope_unprocess_tokatokenizer
2024-12-07 09:19:25,966 - INFO - Tokenizing dataset...
2024-12-07 09:19:27,181 - INFO - Initializing Trainer...
2024-12-07 09:19:27,352 - INFO - Starting training...
2024-12-07 09:20:57,964 - INFO - Evaluating model on the test dataset...
2024-12-07 09:21:00,294 - INFO - 

=================DeepSentiPers Dataset Results: 

2024-12-07 09:21:00,294 - INFO - 

******************************
Test results: {'eval_loss': 0.5128275156021118, 'eval_accuracy': 0.8327939590075513, 'eval_f1': 0.8056947853086038, 'eval_runtime': 2.327, 'eval_samples_per_second': 796.726, 'eval_steps_per_second': 49.849, 'epoch': 3.0}
******************************


2024-12-07 09:21:00,294 - INFO - 

ParsiNLU_Multi

2024-12-07 09:21:00,295 - INFO - Loading dataset...
2024-12-07 09:21:04,026 - INFO - Loading tokenizer from /mnt/data/ez-workspace/RetroMAE/results/RetroMAE_ourfarsi_rope_unprocess_tokatokenizer
2024-12-07 09:21:04,086 - INFO - Loading model from /mnt/data/ez-workspace/RetroMAE/results/RetroMAE_ourfarsi_rope_unprocess_tokatokenizer
2024-12-07 09:21:07,690 - INFO - Tokenizing dataset...
2024-12-07 09:21:08,961 - INFO - Initializing Trainer...
2024-12-07 09:21:09,143 - INFO - Starting training...
2024-12-07 09:21:44,670 - INFO - Evaluating model on the test dataset...
2024-12-07 09:21:45,722 - INFO - 

=================ParsiNLU Dataset Results: 

2024-12-07 09:21:45,722 - INFO - 

******************************
Test results: {'eval_loss': 1.3863774538040161, 'eval_accuracy': 0.27904761904761904, 'eval_f1-weighted': 0.25141838464633487, 'eval_precision': 0.26561570209345464, 'eval_recall': 0.27904761904761904, 'eval_runtime': 1.049, 'eval_samples_per_second': 1000.965, 'eval_steps_per_second': 31.459, 'epoch': 7.0}
******************************


