2024-12-16 10:48:38,003 - INFO - 





##################################################





##################################################
################# Starting #################
##################################################





##################################################






2024-12-16 10:48:38,003 - INFO - 


==================================Testing on Persian Dataset: ==================================


2024-12-16 10:48:38,003 - INFO - 

PQuAD

2024-12-16 10:48:38,003 - INFO - Loading dataset...
2024-12-16 10:48:41,074 - INFO - Loading tokenizer from /mnt/data/mehran-workspace/language-model/compare-models-on-downstream-tasks/all-in-one/checkpoint-655062
2024-12-16 10:48:41,102 - INFO - Loading model from /mnt/data/mehran-workspace/language-model/compare-models-on-downstream-tasks/all-in-one/checkpoint-655062
2024-12-16 10:48:41,207 - INFO - Tokenizing dataset...
2024-12-16 10:48:51,818 - INFO - Initializing Trainer...
2024-12-16 10:48:52,216 - INFO - Starting training...
2024-12-16 10:56:11,381 - INFO - Evaluating model on the test dataset...
2024-12-16 10:56:44,068 - INFO - 

=================SQuAD Dataset Results: 

2024-12-16 10:56:44,068 - INFO - 

******************************
Test results: {'eval_exact_match': 71.20565045992116, 'eval_f1': 87.62535569904392, 'eval_runtime': 9.1764, 'eval_samples_per_second': 663.443, 'eval_steps_per_second': 10.462, 'epoch': 2.0}
******************************


2024-12-16 10:56:44,074 - INFO - 

FarsTail

2024-12-16 10:56:44,075 - INFO - Loading dataset...
2024-12-16 10:56:48,042 - INFO - Loading tokenizer from /mnt/data/mehran-workspace/language-model/compare-models-on-downstream-tasks/all-in-one/checkpoint-655062
2024-12-16 10:56:48,065 - INFO - Loading model from /mnt/data/mehran-workspace/language-model/compare-models-on-downstream-tasks/all-in-one/checkpoint-655062
2024-12-16 10:56:48,131 - INFO - Tokenizing dataset...
2024-12-16 10:56:51,814 - INFO - Initializing Trainer...
2024-12-16 10:56:51,953 - INFO - Starting training...
2024-12-16 10:58:41,719 - INFO - Evaluating model on the test dataset...
2024-12-16 10:58:42,483 - INFO - 

=================FarsTail Dataset Results: 

2024-12-16 10:58:42,483 - INFO - 

******************************
Test results: {'eval_loss': 0.8955312371253967, 'eval_accuracy': 0.8497442455242967, 'eval_f1': 0.8488141256961775, 'eval_runtime': 0.7611, 'eval_samples_per_second': 2054.989, 'eval_steps_per_second': 64.383, 'epoch': 7.0}
******************************


2024-12-16 10:58:42,484 - INFO - 

DeepSentiPers

2024-12-16 10:58:42,484 - INFO - Loading dataset...
2024-12-16 10:58:45,594 - INFO - Mapping labels to ternary classification
2024-12-16 10:58:45,667 - INFO - Loading tokenizer from /mnt/data/mehran-workspace/language-model/compare-models-on-downstream-tasks/all-in-one/checkpoint-655062
2024-12-16 10:58:45,686 - INFO - Loading model from /mnt/data/mehran-workspace/language-model/compare-models-on-downstream-tasks/all-in-one/checkpoint-655062
2024-12-16 10:58:45,733 - INFO - Tokenizing dataset...
2024-12-16 10:58:47,168 - INFO - Initializing Trainer...
2024-12-16 10:58:47,294 - INFO - Starting training...
2024-12-16 10:59:55,026 - INFO - Evaluating model on the test dataset...
2024-12-16 10:59:56,580 - INFO - 

=================DeepSentiPers Dataset Results: 

2024-12-16 10:59:56,580 - INFO - 

******************************
Test results: {'eval_loss': 0.4966549277305603, 'eval_accuracy': 0.8279395900755124, 'eval_f1': 0.7980092320787663, 'eval_runtime': 1.5517, 'eval_samples_per_second': 1194.828, 'eval_steps_per_second': 74.757, 'epoch': 3.0}
******************************


2024-12-16 10:59:56,581 - INFO - 

ParsiNLU_Multi

2024-12-16 10:59:56,581 - INFO - Loading dataset...
2024-12-16 11:00:00,514 - INFO - Loading tokenizer from /mnt/data/mehran-workspace/language-model/compare-models-on-downstream-tasks/all-in-one/checkpoint-655062
2024-12-16 11:00:00,538 - INFO - Loading model from /mnt/data/mehran-workspace/language-model/compare-models-on-downstream-tasks/all-in-one/checkpoint-655062
2024-12-16 11:00:03,338 - INFO - Tokenizing dataset...
2024-12-16 11:00:04,814 - INFO - Initializing Trainer...
2024-12-16 11:00:04,939 - INFO - Starting training...
2024-12-16 11:00:29,353 - INFO - Evaluating model on the test dataset...
2024-12-16 11:00:30,140 - INFO - 

=================ParsiNLU Dataset Results: 

2024-12-16 11:00:30,140 - INFO - 

******************************
Test results: {'eval_loss': 1.8784945011138916, 'eval_accuracy': 0.32, 'eval_f1-weighted': 0.3216504669449743, 'eval_precision': 0.3269438248775022, 'eval_recall': 0.32, 'eval_runtime': 0.783, 'eval_samples_per_second': 1340.998, 'eval_steps_per_second': 42.146, 'epoch': 7.0}
******************************


