2024-10-07 13:27:54,700 - INFO - 





##################################################





##################################################
################# Starting #################
##################################################





##################################################






2024-10-07 13:27:54,700 - INFO - 


==================================Testing on Persian Dataset: ==================================


2024-10-07 13:27:54,700 - INFO - 

PQuAD

2024-10-07 13:27:54,700 - INFO - Loading dataset...
2024-10-07 13:27:58,637 - INFO - Loading tokenizer from /mnt/data/mehran-workspace/language-model/compare-models-on-downstream-tasks/find-best-checkpoint-ds/bert-fp-16-fixed-data-just-farsi-tookatokenizer-wwm-ourlinebyline-rope-batch64/checkpoint-300000
2024-10-07 13:27:58,702 - INFO - Loading model from /mnt/data/mehran-workspace/language-model/compare-models-on-downstream-tasks/find-best-checkpoint-ds/bert-fp-16-fixed-data-just-farsi-tookatokenizer-wwm-ourlinebyline-rope-batch64/checkpoint-300000
2024-10-07 13:27:58,807 - INFO - Tokenizing dataset...
2024-10-07 13:28:08,032 - INFO - Initializing Trainer...
2024-10-07 13:28:08,382 - INFO - Starting training...
2024-10-07 13:39:15,925 - INFO - Evaluating model on the test dataset...
2024-10-07 13:39:49,780 - INFO - 

=================SQuAD Dataset Results: 

2024-10-07 13:39:49,780 - INFO - 

******************************
Test results: {'eval_exact_match': 71.32063074901446, 'eval_f1': 87.74293351662976, 'eval_runtime': 14.2308, 'eval_samples_per_second': 427.804, 'eval_steps_per_second': 6.746, 'epoch': 2.0}
******************************


2024-10-07 13:39:49,789 - INFO - 

FarsTail

2024-10-07 13:39:49,790 - INFO - Loading dataset...
2024-10-07 13:39:57,434 - INFO - Loading tokenizer from /mnt/data/mehran-workspace/language-model/compare-models-on-downstream-tasks/find-best-checkpoint-ds/bert-fp-16-fixed-data-just-farsi-tookatokenizer-wwm-ourlinebyline-rope-batch64/checkpoint-300000
2024-10-07 13:39:57,488 - INFO - Loading model from /mnt/data/mehran-workspace/language-model/compare-models-on-downstream-tasks/find-best-checkpoint-ds/bert-fp-16-fixed-data-just-farsi-tookatokenizer-wwm-ourlinebyline-rope-batch64/checkpoint-300000
2024-10-07 13:39:57,582 - INFO - Tokenizing dataset...
2024-10-07 13:40:00,313 - INFO - Initializing Trainer...
2024-10-07 13:40:00,448 - INFO - Starting training...
2024-10-07 13:42:12,336 - INFO - Evaluating model on the test dataset...
2024-10-07 13:42:13,353 - INFO - 

=================FarsTail Dataset Results: 

2024-10-07 13:42:13,353 - INFO - 

******************************
Test results: {'eval_loss': 0.967004656791687, 'eval_accuracy': 0.8069053708439897, 'eval_f1': 0.8077352903506864, 'eval_runtime': 1.0138, 'eval_samples_per_second': 1542.703, 'eval_steps_per_second': 48.333, 'epoch': 7.0}
******************************


2024-10-07 13:42:13,355 - INFO - 

DeepSentiPers

2024-10-07 13:42:13,355 - INFO - Loading dataset...
2024-10-07 13:42:17,769 - INFO - Mapping labels to ternary classification
2024-10-07 13:42:17,841 - INFO - Loading tokenizer from /mnt/data/mehran-workspace/language-model/compare-models-on-downstream-tasks/find-best-checkpoint-ds/bert-fp-16-fixed-data-just-farsi-tookatokenizer-wwm-ourlinebyline-rope-batch64/checkpoint-300000
2024-10-07 13:42:17,890 - INFO - Loading model from /mnt/data/mehran-workspace/language-model/compare-models-on-downstream-tasks/find-best-checkpoint-ds/bert-fp-16-fixed-data-just-farsi-tookatokenizer-wwm-ourlinebyline-rope-batch64/checkpoint-300000
2024-10-07 13:42:17,974 - INFO - Tokenizing dataset...
2024-10-07 13:42:19,041 - INFO - Initializing Trainer...
2024-10-07 13:42:19,176 - INFO - Starting training...
2024-10-07 13:43:50,948 - INFO - Evaluating model on the test dataset...
2024-10-07 13:43:53,198 - INFO - 

=================DeepSentiPers Dataset Results: 

2024-10-07 13:43:53,198 - INFO - 

******************************
Test results: {'eval_loss': 0.5231667160987854, 'eval_accuracy': 0.8322545846817692, 'eval_f1': 0.803879163566256, 'eval_runtime': 2.2465, 'eval_samples_per_second': 825.298, 'eval_steps_per_second': 51.637, 'epoch': 3.0}
******************************


2024-10-07 13:43:53,199 - INFO - 

ParsiNLU_Multi

2024-10-07 13:43:53,199 - INFO - Loading dataset...
2024-10-07 13:44:01,906 - INFO - Loading tokenizer from /mnt/data/mehran-workspace/language-model/compare-models-on-downstream-tasks/find-best-checkpoint-ds/bert-fp-16-fixed-data-just-farsi-tookatokenizer-wwm-ourlinebyline-rope-batch64/checkpoint-300000
2024-10-07 13:44:01,959 - INFO - Loading model from /mnt/data/mehran-workspace/language-model/compare-models-on-downstream-tasks/find-best-checkpoint-ds/bert-fp-16-fixed-data-just-farsi-tookatokenizer-wwm-ourlinebyline-rope-batch64/checkpoint-300000
2024-10-07 13:44:05,186 - INFO - Tokenizing dataset...
2024-10-07 13:44:06,301 - INFO - Initializing Trainer...
2024-10-07 13:44:06,440 - INFO - Starting training...
2024-10-07 13:44:40,842 - INFO - Evaluating model on the test dataset...
2024-10-07 13:44:41,886 - INFO - 

=================ParsiNLU Dataset Results: 

2024-10-07 13:44:41,886 - INFO - 

******************************
Test results: {'eval_loss': 2.191288948059082, 'eval_accuracy': 0.32, 'eval_f1-weighted': 0.32068583387523836, 'eval_precision': 0.3244675604803999, 'eval_recall': 0.32, 'eval_runtime': 1.0415, 'eval_samples_per_second': 1008.117, 'eval_steps_per_second': 31.684, 'epoch': 7.0}
******************************


