2024-11-16 08:38:10,765 - INFO - 





##################################################





##################################################
################# Starting #################
##################################################





##################################################






2024-11-16 08:38:10,765 - INFO - 


==================================Testing on Persian Dataset: ==================================


2024-11-16 08:38:10,765 - INFO - 

PQuAD

2024-11-16 08:38:10,765 - INFO - Loading dataset...
2024-11-16 08:38:19,079 - INFO - Loading tokenizer from /mnt/data/ez-workspace/RetroMAE/results/RetroMAE_ourfarsi_unprocess_tokatokenizer
2024-11-16 08:38:19,130 - INFO - Loading model from /mnt/data/ez-workspace/RetroMAE/results/RetroMAE_ourfarsi_unprocess_tokatokenizer
2024-11-16 08:38:19,204 - INFO - Tokenizing dataset...
2024-11-16 08:38:29,009 - INFO - Initializing Trainer...
2024-11-16 08:38:29,424 - INFO - Starting training...
2024-11-16 08:45:19,687 - INFO - Evaluating model on the test dataset...
2024-11-16 08:45:47,358 - INFO - 

=================SQuAD Dataset Results: 

2024-11-16 08:45:47,358 - INFO - 

******************************
Test results: {'eval_exact_match': 71.36990801576873, 'eval_f1': 87.59990411677583, 'eval_runtime': 7.8531, 'eval_samples_per_second': 775.233, 'eval_steps_per_second': 12.224, 'epoch': 2.0}
******************************


2024-11-16 08:45:47,371 - INFO - 

FarsTail

2024-11-16 08:45:47,372 - INFO - Loading dataset...
2024-11-16 08:45:51,619 - INFO - Loading tokenizer from /mnt/data/ez-workspace/RetroMAE/results/RetroMAE_ourfarsi_unprocess_tokatokenizer
2024-11-16 08:45:51,668 - INFO - Loading model from /mnt/data/ez-workspace/RetroMAE/results/RetroMAE_ourfarsi_unprocess_tokatokenizer
2024-11-16 08:45:51,731 - INFO - Tokenizing dataset...
2024-11-16 08:45:54,531 - INFO - Initializing Trainer...
2024-11-16 08:45:54,739 - INFO - Starting training...
2024-11-16 08:47:46,589 - INFO - Evaluating model on the test dataset...
2024-11-16 08:47:47,364 - INFO - 

=================FarsTail Dataset Results: 

2024-11-16 08:47:47,365 - INFO - 

******************************
Test results: {'eval_loss': 1.100251317024231, 'eval_accuracy': 0.3420716112531969, 'eval_f1': 0.1699221851675401, 'eval_runtime': 0.7719, 'eval_samples_per_second': 2026.112, 'eval_steps_per_second': 63.478, 'epoch': 7.0}
******************************


2024-11-16 08:47:47,366 - INFO - 

DeepSentiPers

2024-11-16 08:47:47,366 - INFO - Loading dataset...
2024-11-16 08:47:50,770 - INFO - Mapping labels to ternary classification
2024-11-16 08:47:50,843 - INFO - Loading tokenizer from /mnt/data/ez-workspace/RetroMAE/results/RetroMAE_ourfarsi_unprocess_tokatokenizer
2024-11-16 08:47:50,895 - INFO - Loading model from /mnt/data/ez-workspace/RetroMAE/results/RetroMAE_ourfarsi_unprocess_tokatokenizer
2024-11-16 08:47:50,938 - INFO - Tokenizing dataset...
2024-11-16 08:47:52,052 - INFO - Initializing Trainer...
2024-11-16 08:47:52,289 - INFO - Starting training...
2024-11-16 08:49:02,480 - INFO - Evaluating model on the test dataset...
2024-11-16 08:49:04,082 - INFO - 

=================DeepSentiPers Dataset Results: 

2024-11-16 08:49:04,082 - INFO - 

******************************
Test results: {'eval_loss': 0.45354726910591125, 'eval_accuracy': 0.8333333333333334, 'eval_f1': 0.8047318343552922, 'eval_runtime': 1.5992, 'eval_samples_per_second': 1159.362, 'eval_steps_per_second': 72.538, 'epoch': 3.0}
******************************


2024-11-16 08:49:04,083 - INFO - 

ParsiNLU_Multi

2024-11-16 08:49:04,083 - INFO - Loading dataset...
2024-11-16 08:49:07,865 - INFO - Loading tokenizer from /mnt/data/ez-workspace/RetroMAE/results/RetroMAE_ourfarsi_unprocess_tokatokenizer
2024-11-16 08:49:07,917 - INFO - Loading model from /mnt/data/ez-workspace/RetroMAE/results/RetroMAE_ourfarsi_unprocess_tokatokenizer
2024-11-16 08:49:11,414 - INFO - Tokenizing dataset...
2024-11-16 08:49:12,560 - INFO - Initializing Trainer...
2024-11-16 08:49:12,741 - INFO - Starting training...
2024-11-16 08:49:38,596 - INFO - Evaluating model on the test dataset...
2024-11-16 08:49:39,330 - INFO - 

=================ParsiNLU Dataset Results: 

2024-11-16 08:49:39,330 - INFO - 

******************************
Test results: {'eval_loss': 1.3864434957504272, 'eval_accuracy': 0.25333333333333335, 'eval_f1-weighted': 0.2543239397783466, 'eval_precision': 0.25696077400815526, 'eval_recall': 0.25333333333333335, 'eval_runtime': 0.7306, 'eval_samples_per_second': 1437.19, 'eval_steps_per_second': 45.169, 'epoch': 7.0}
******************************


2024-11-16 09:16:08,318 - INFO - 





##################################################





##################################################
################# Starting #################
##################################################





##################################################






2024-11-16 09:16:08,318 - INFO - 


==================================Testing on Persian Dataset: ==================================


2024-11-16 09:16:08,318 - INFO - 

PQuAD

2024-11-16 09:16:08,318 - INFO - Loading dataset...
2024-11-16 09:16:11,282 - INFO - Loading tokenizer from /mnt/data/ez-workspace/RetroMAE/results/RetroMAE_ourfarsi_unprocess_tokatokenizer
2024-11-16 09:16:11,338 - INFO - Loading model from /mnt/data/ez-workspace/RetroMAE/results/RetroMAE_ourfarsi_unprocess_tokatokenizer
2024-11-16 09:16:11,400 - INFO - Tokenizing dataset...
2024-11-16 09:16:11,857 - INFO - Initializing Trainer...
