2024-10-07 14:56:38,765 - INFO - 





##################################################





##################################################
################# Starting #################
##################################################





##################################################






2024-10-07 14:56:38,765 - INFO - 


==================================Testing on Persian Dataset: ==================================


2024-10-07 14:56:38,765 - INFO - 

PQuAD

2024-10-07 14:56:38,765 - INFO - Loading dataset...
2024-10-07 14:56:42,014 - INFO - Loading tokenizer from /mnt/data/mehran-workspace/language-model/compare-models-on-downstream-tasks/find-best-checkpoint-ds/bert-fp-16-fixed-data-just-farsi-ournewtokenizertooka-wwm-ourlinebyline/checkpoint-400000
2024-10-07 14:56:42,074 - INFO - Loading model from /mnt/data/mehran-workspace/language-model/compare-models-on-downstream-tasks/find-best-checkpoint-ds/bert-fp-16-fixed-data-just-farsi-ournewtokenizertooka-wwm-ourlinebyline/checkpoint-400000
2024-10-07 14:56:42,216 - INFO - Tokenizing dataset...
2024-10-07 14:56:50,698 - INFO - Initializing Trainer...
2024-10-07 14:56:51,795 - INFO - Starting training...
2024-10-07 15:03:34,032 - INFO - Evaluating model on the test dataset...
2024-10-07 15:04:01,130 - INFO - 

=================SQuAD Dataset Results: 

2024-10-07 15:04:01,130 - INFO - 

******************************
Test results: {'eval_exact_match': 69.43166885676742, 'eval_f1': 86.80359454275813, 'eval_runtime': 7.8587, 'eval_samples_per_second': 774.686, 'eval_steps_per_second': 12.216, 'epoch': 2.0}
******************************


2024-10-07 15:04:01,143 - INFO - 

FarsTail

2024-10-07 15:04:01,143 - INFO - Loading dataset...
2024-10-07 15:04:05,765 - INFO - Loading tokenizer from /mnt/data/mehran-workspace/language-model/compare-models-on-downstream-tasks/find-best-checkpoint-ds/bert-fp-16-fixed-data-just-farsi-ournewtokenizertooka-wwm-ourlinebyline/checkpoint-400000
2024-10-07 15:04:05,808 - INFO - Loading model from /mnt/data/mehran-workspace/language-model/compare-models-on-downstream-tasks/find-best-checkpoint-ds/bert-fp-16-fixed-data-just-farsi-ournewtokenizertooka-wwm-ourlinebyline/checkpoint-400000
2024-10-07 15:04:05,871 - INFO - Tokenizing dataset...
2024-10-07 15:04:08,277 - INFO - Initializing Trainer...
2024-10-07 15:04:08,564 - INFO - Starting training...
2024-10-07 15:05:55,256 - INFO - Evaluating model on the test dataset...
2024-10-07 15:05:56,009 - INFO - 

=================FarsTail Dataset Results: 

2024-10-07 15:05:56,010 - INFO - 

******************************
Test results: {'eval_loss': 0.8574221730232239, 'eval_accuracy': 0.8318414322250639, 'eval_f1': 0.8314619654827209, 'eval_runtime': 0.7516, 'eval_samples_per_second': 2080.98, 'eval_steps_per_second': 65.197, 'epoch': 7.0}
******************************


2024-10-07 15:05:56,011 - INFO - 

DeepSentiPers

2024-10-07 15:05:56,011 - INFO - Loading dataset...
2024-10-07 15:06:01,254 - INFO - Mapping labels to ternary classification
2024-10-07 15:06:01,325 - INFO - Loading tokenizer from /mnt/data/mehran-workspace/language-model/compare-models-on-downstream-tasks/find-best-checkpoint-ds/bert-fp-16-fixed-data-just-farsi-ournewtokenizertooka-wwm-ourlinebyline/checkpoint-400000
2024-10-07 15:06:01,368 - INFO - Loading model from /mnt/data/mehran-workspace/language-model/compare-models-on-downstream-tasks/find-best-checkpoint-ds/bert-fp-16-fixed-data-just-farsi-ournewtokenizertooka-wwm-ourlinebyline/checkpoint-400000
2024-10-07 15:06:01,412 - INFO - Tokenizing dataset...
2024-10-07 15:06:02,297 - INFO - Initializing Trainer...
2024-10-07 15:06:02,498 - INFO - Starting training...
2024-10-07 15:07:08,548 - INFO - Evaluating model on the test dataset...
2024-10-07 15:07:10,090 - INFO - 

=================DeepSentiPers Dataset Results: 

2024-10-07 15:07:10,091 - INFO - 

******************************
Test results: {'eval_loss': 0.5701759457588196, 'eval_accuracy': 0.8133764832793959, 'eval_f1': 0.7812027774192042, 'eval_runtime': 1.5403, 'eval_samples_per_second': 1203.683, 'eval_steps_per_second': 75.311, 'epoch': 3.0}
******************************


2024-10-07 15:07:10,091 - INFO - 

ParsiNLU_Multi

2024-10-07 15:07:10,091 - INFO - Loading dataset...
2024-10-07 15:07:15,563 - INFO - Loading tokenizer from /mnt/data/mehran-workspace/language-model/compare-models-on-downstream-tasks/find-best-checkpoint-ds/bert-fp-16-fixed-data-just-farsi-ournewtokenizertooka-wwm-ourlinebyline/checkpoint-400000
2024-10-07 15:07:15,609 - INFO - Loading model from /mnt/data/mehran-workspace/language-model/compare-models-on-downstream-tasks/find-best-checkpoint-ds/bert-fp-16-fixed-data-just-farsi-ournewtokenizertooka-wwm-ourlinebyline/checkpoint-400000
2024-10-07 15:07:18,967 - INFO - Tokenizing dataset...
2024-10-07 15:07:19,885 - INFO - Initializing Trainer...
2024-10-07 15:07:20,065 - INFO - Starting training...
2024-10-07 15:07:43,339 - INFO - Evaluating model on the test dataset...
2024-10-07 15:07:44,016 - INFO - 

=================ParsiNLU Dataset Results: 

2024-10-07 15:07:44,016 - INFO - 

******************************
Test results: {'eval_loss': 1.7773386240005493, 'eval_accuracy': 0.30952380952380953, 'eval_f1-weighted': 0.3112269062616891, 'eval_precision': 0.31482546488395796, 'eval_recall': 0.30952380952380953, 'eval_runtime': 0.674, 'eval_samples_per_second': 1557.836, 'eval_steps_per_second': 48.961, 'epoch': 7.0}
******************************


