2024-12-11 07:47:38,046 - INFO - 





##################################################





##################################################
################# Starting #################
##################################################





##################################################






2024-12-11 07:47:38,047 - INFO - 


==================================Testing on Persian Dataset: ==================================


2024-12-11 07:47:38,047 - INFO - 

PQuAD

2024-12-11 07:47:38,047 - INFO - Loading dataset...
2024-12-11 07:47:41,017 - INFO - Loading tokenizer from /mnt/data/mehran-workspace/language-model/compare-models-on-downstream-tasks/all-in-one/checkpoint-310000
2024-12-11 07:47:41,080 - INFO - Loading model from /mnt/data/mehran-workspace/language-model/compare-models-on-downstream-tasks/all-in-one/checkpoint-310000
2024-12-11 07:47:41,212 - INFO - Tokenizing dataset...
2024-12-11 07:47:51,008 - INFO - Initializing Trainer...
2024-12-11 07:47:51,703 - INFO - Starting training...
2024-12-11 08:04:25,990 - INFO - Evaluating model on the test dataset...
2024-12-11 08:05:04,843 - INFO - 

=================SQuAD Dataset Results: 

2024-12-11 08:05:04,843 - INFO - 

******************************
Test results: {'eval_exact_match': 72.09264126149803, 'eval_f1': 88.56153561207361, 'eval_runtime': 18.0914, 'eval_samples_per_second': 336.513, 'eval_steps_per_second': 5.306, 'epoch': 2.0}
******************************


2024-12-11 08:05:04,855 - INFO - 

FarsTail

2024-12-11 08:05:04,855 - INFO - Loading dataset...
2024-12-11 08:05:10,091 - INFO - Loading tokenizer from /mnt/data/mehran-workspace/language-model/compare-models-on-downstream-tasks/all-in-one/checkpoint-310000
2024-12-11 08:05:10,149 - INFO - Loading model from /mnt/data/mehran-workspace/language-model/compare-models-on-downstream-tasks/all-in-one/checkpoint-310000
2024-12-11 08:05:10,366 - INFO - Tokenizing dataset...
2024-12-11 08:05:13,186 - INFO - Initializing Trainer...
2024-12-11 08:05:15,035 - INFO - Starting training...
2024-12-11 08:09:13,683 - INFO - Evaluating model on the test dataset...
2024-12-11 08:09:15,004 - INFO - 

=================FarsTail Dataset Results: 

2024-12-11 08:09:15,004 - INFO - 

******************************
Test results: {'eval_loss': 0.9282906651496887, 'eval_accuracy': 0.8471867007672634, 'eval_f1': 0.8464743546720003, 'eval_runtime': 1.3179, 'eval_samples_per_second': 1186.717, 'eval_steps_per_second': 37.18, 'epoch': 7.0}
******************************


2024-12-11 08:09:15,005 - INFO - 

DeepSentiPers

2024-12-11 08:09:15,005 - INFO - Loading dataset...
2024-12-11 08:09:18,997 - INFO - Mapping labels to ternary classification
2024-12-11 08:09:19,076 - INFO - Loading tokenizer from /mnt/data/mehran-workspace/language-model/compare-models-on-downstream-tasks/all-in-one/checkpoint-310000
2024-12-11 08:09:19,131 - INFO - Loading model from /mnt/data/mehran-workspace/language-model/compare-models-on-downstream-tasks/all-in-one/checkpoint-310000
2024-12-11 08:09:19,239 - INFO - Tokenizing dataset...
2024-12-11 08:09:20,365 - INFO - Initializing Trainer...
2024-12-11 08:09:20,729 - INFO - Starting training...
2024-12-11 08:11:48,262 - INFO - Evaluating model on the test dataset...
2024-12-11 08:11:51,041 - INFO - 

=================DeepSentiPers Dataset Results: 

2024-12-11 08:11:51,041 - INFO - 

******************************
Test results: {'eval_loss': 0.5539665222167969, 'eval_accuracy': 0.8225458468176915, 'eval_f1': 0.7914666700510621, 'eval_runtime': 2.7766, 'eval_samples_per_second': 667.732, 'eval_steps_per_second': 41.778, 'epoch': 3.0}
******************************


2024-12-11 08:11:51,042 - INFO - 

ParsiNLU_Multi

2024-12-11 08:11:51,042 - INFO - Loading dataset...
2024-12-11 08:11:54,751 - INFO - Loading tokenizer from /mnt/data/mehran-workspace/language-model/compare-models-on-downstream-tasks/all-in-one/checkpoint-310000
2024-12-11 08:11:54,808 - INFO - Loading model from /mnt/data/mehran-workspace/language-model/compare-models-on-downstream-tasks/all-in-one/checkpoint-310000
2024-12-11 08:11:58,635 - INFO - Tokenizing dataset...
2024-12-11 08:11:59,805 - INFO - Initializing Trainer...
2024-12-11 08:12:00,195 - INFO - Starting training...
2024-12-11 08:13:05,574 - INFO - Evaluating model on the test dataset...
2024-12-11 08:13:07,261 - INFO - 

=================ParsiNLU Dataset Results: 

2024-12-11 08:13:07,261 - INFO - 

******************************
Test results: {'eval_loss': 2.0260515213012695, 'eval_accuracy': 0.3323809523809524, 'eval_f1-weighted': 0.33264649880267033, 'eval_precision': 0.3335508310675635, 'eval_recall': 0.3323809523809524, 'eval_runtime': 1.684, 'eval_samples_per_second': 623.522, 'eval_steps_per_second': 19.596, 'epoch': 7.0}
******************************


2024-12-11 08:36:27,188 - INFO - 





##################################################





##################################################
################# Starting #################
##################################################





##################################################






2024-12-11 08:36:27,188 - INFO - 


==================================Testing on Persian Dataset: ==================================


2024-12-11 08:36:27,188 - INFO - 

DeepSentiPers

2024-12-11 08:36:27,188 - INFO - Loading dataset...
2024-12-11 08:36:31,559 - INFO - Mapping labels to ternary classification
2024-12-11 08:36:31,642 - INFO - Loading tokenizer from /mnt/data/mehran-workspace/language-model/compare-models-on-downstream-tasks/all-in-one/checkpoint-310000
2024-12-11 08:36:31,700 - INFO - Loading model from /mnt/data/mehran-workspace/language-model/compare-models-on-downstream-tasks/all-in-one/checkpoint-310000
2024-12-11 08:36:31,846 - INFO - Tokenizing dataset...
2024-12-11 08:36:32,661 - INFO - Initializing Trainer...
2024-12-11 08:36:33,207 - INFO - Starting training...
2024-12-11 08:41:17,346 - INFO - Evaluating model on the test dataset...
2024-12-11 08:41:20,034 - INFO - 

=================DeepSentiPers Dataset Results: 

2024-12-11 08:41:20,034 - INFO - 

******************************
Test results: {'eval_loss': 0.5674927830696106, 'eval_accuracy': 0.8096008629989212, 'eval_f1': 0.7762143532734741, 'eval_runtime': 2.6849, 'eval_samples_per_second': 690.518, 'eval_steps_per_second': 43.204, 'epoch': 6.0}
******************************


