2024-10-19 09:22:08,536 - INFO - 





##################################################





##################################################
################# Starting #################
##################################################





##################################################






2024-10-19 09:22:08,536 - INFO - 


==================================Testing on Persian Dataset: ==================================


2024-10-19 09:22:08,536 - INFO - 

PQuAD

2024-10-19 09:22:08,536 - INFO - Loading dataset...
2024-10-19 09:22:11,758 - INFO - Loading tokenizer from /mnt/data/mehran-workspace/language-model/train-rope/line-by-line/results/fp16-allfarsi-tooka-mlm-rope-ourlinebyline/checkpoint-1560000
2024-10-19 09:22:11,815 - INFO - Loading model from /mnt/data/mehran-workspace/language-model/train-rope/line-by-line/results/fp16-allfarsi-tooka-mlm-rope-ourlinebyline/checkpoint-1560000
2024-10-19 09:22:11,928 - INFO - Tokenizing dataset...
2024-10-19 09:22:21,253 - INFO - Initializing Trainer...
2024-10-19 09:22:21,666 - INFO - Starting training...
2024-10-19 09:33:32,932 - INFO - Evaluating model on the test dataset...
2024-10-19 09:34:07,771 - INFO - 

=================SQuAD Dataset Results: 

2024-10-19 09:34:07,771 - INFO - 

******************************
Test results: {'eval_exact_match': 71.76412614980289, 'eval_f1': 88.38185530202507, 'eval_runtime': 14.3812, 'eval_samples_per_second': 423.33, 'eval_steps_per_second': 6.675, 'epoch': 2.0}
******************************


2024-10-19 09:34:07,780 - INFO - 

FarsTail

2024-10-19 09:34:07,780 - INFO - Loading dataset...
2024-10-19 09:34:16,103 - INFO - Loading tokenizer from /mnt/data/mehran-workspace/language-model/train-rope/line-by-line/results/fp16-allfarsi-tooka-mlm-rope-ourlinebyline/checkpoint-1560000
2024-10-19 09:34:16,148 - INFO - Loading model from /mnt/data/mehran-workspace/language-model/train-rope/line-by-line/results/fp16-allfarsi-tooka-mlm-rope-ourlinebyline/checkpoint-1560000
2024-10-19 09:34:16,241 - INFO - Tokenizing dataset...
2024-10-19 09:34:19,012 - INFO - Initializing Trainer...
2024-10-19 09:34:19,175 - INFO - Starting training...
2024-10-19 09:36:33,190 - INFO - Evaluating model on the test dataset...
2024-10-19 09:36:34,195 - INFO - 

=================FarsTail Dataset Results: 

2024-10-19 09:36:34,195 - INFO - 

******************************
Test results: {'eval_loss': 0.703419029712677, 'eval_accuracy': 0.8439897698209718, 'eval_f1': 0.8424460147682397, 'eval_runtime': 1.0026, 'eval_samples_per_second': 1559.981, 'eval_steps_per_second': 48.874, 'epoch': 7.0}
******************************


2024-10-19 09:36:34,196 - INFO - 

DeepSentiPers

2024-10-19 09:36:34,197 - INFO - Loading dataset...
2024-10-19 09:36:41,205 - INFO - Mapping labels to ternary classification
2024-10-19 09:36:41,280 - INFO - Loading tokenizer from /mnt/data/mehran-workspace/language-model/train-rope/line-by-line/results/fp16-allfarsi-tooka-mlm-rope-ourlinebyline/checkpoint-1560000
2024-10-19 09:36:41,331 - INFO - Loading model from /mnt/data/mehran-workspace/language-model/train-rope/line-by-line/results/fp16-allfarsi-tooka-mlm-rope-ourlinebyline/checkpoint-1560000
2024-10-19 09:36:41,418 - INFO - Tokenizing dataset...
2024-10-19 09:36:42,520 - INFO - Initializing Trainer...
2024-10-19 09:36:42,673 - INFO - Starting training...
2024-10-19 09:38:09,900 - INFO - Evaluating model on the test dataset...
2024-10-19 09:38:12,140 - INFO - 

=================DeepSentiPers Dataset Results: 

2024-10-19 09:38:12,140 - INFO - 

******************************
Test results: {'eval_loss': 0.473655641078949, 'eval_accuracy': 0.8317152103559871, 'eval_f1': 0.8075088556442481, 'eval_runtime': 2.2378, 'eval_samples_per_second': 828.495, 'eval_steps_per_second': 51.837, 'epoch': 3.0}
******************************


2024-10-19 09:38:12,141 - INFO - 

ParsiNLU_Multi

2024-10-19 09:38:12,141 - INFO - Loading dataset...
2024-10-19 09:38:24,812 - INFO - Loading tokenizer from /mnt/data/mehran-workspace/language-model/train-rope/line-by-line/results/fp16-allfarsi-tooka-mlm-rope-ourlinebyline/checkpoint-1560000
2024-10-19 09:38:24,860 - INFO - Loading model from /mnt/data/mehran-workspace/language-model/train-rope/line-by-line/results/fp16-allfarsi-tooka-mlm-rope-ourlinebyline/checkpoint-1560000
2024-10-19 09:38:28,013 - INFO - Tokenizing dataset...
2024-10-19 09:38:29,109 - INFO - Initializing Trainer...
2024-10-19 09:38:29,287 - INFO - Starting training...
2024-10-19 09:39:04,072 - INFO - Evaluating model on the test dataset...
2024-10-19 09:39:05,171 - INFO - 

=================ParsiNLU Dataset Results: 

2024-10-19 09:39:05,171 - INFO - 

******************************
Test results: {'eval_loss': 1.7485052347183228, 'eval_accuracy': 0.319047619047619, 'eval_f1-weighted': 0.32023642378440276, 'eval_precision': 0.32339127060463296, 'eval_recall': 0.319047619047619, 'eval_runtime': 1.0946, 'eval_samples_per_second': 959.295, 'eval_steps_per_second': 30.149, 'epoch': 7.0}
******************************


