2024-10-07 15:43:00,828 - INFO - 





##################################################





##################################################
################# Starting #################
##################################################





##################################################






2024-10-07 15:43:00,828 - INFO - 


==================================Testing on Persian Dataset: ==================================


2024-10-07 15:43:00,828 - INFO - 

PQuAD

2024-10-07 15:43:00,828 - INFO - Loading dataset...
2024-10-07 15:43:04,029 - INFO - Loading tokenizer from /mnt/data/mehran-workspace/language-model/compare-models-on-downstream-tasks/find-best-checkpoint-ds/bert-fp-16-fixed-data-just-farsi-tookatokenizer-wwm-ourlinebyline/checkpoint-540000
2024-10-07 15:43:04,085 - INFO - Loading model from /mnt/data/mehran-workspace/language-model/compare-models-on-downstream-tasks/find-best-checkpoint-ds/bert-fp-16-fixed-data-just-farsi-tookatokenizer-wwm-ourlinebyline/checkpoint-540000
2024-10-07 15:43:04,146 - INFO - Tokenizing dataset...
2024-10-07 15:43:13,239 - INFO - Initializing Trainer...
2024-10-07 15:43:13,664 - INFO - Starting training...
2024-10-07 15:49:54,091 - INFO - Evaluating model on the test dataset...
2024-10-07 15:50:20,929 - INFO - 

=================SQuAD Dataset Results: 

2024-10-07 15:50:20,929 - INFO - 

******************************
Test results: {'eval_exact_match': 70.66360052562418, 'eval_f1': 87.27966678058328, 'eval_runtime': 7.7468, 'eval_samples_per_second': 785.874, 'eval_steps_per_second': 12.392, 'epoch': 2.0}
******************************


2024-10-07 15:50:20,937 - INFO - 

FarsTail

2024-10-07 15:50:20,937 - INFO - Loading dataset...
2024-10-07 15:50:25,548 - INFO - Loading tokenizer from /mnt/data/mehran-workspace/language-model/compare-models-on-downstream-tasks/find-best-checkpoint-ds/bert-fp-16-fixed-data-just-farsi-tookatokenizer-wwm-ourlinebyline/checkpoint-540000
2024-10-07 15:50:25,599 - INFO - Loading model from /mnt/data/mehran-workspace/language-model/compare-models-on-downstream-tasks/find-best-checkpoint-ds/bert-fp-16-fixed-data-just-farsi-tookatokenizer-wwm-ourlinebyline/checkpoint-540000
2024-10-07 15:50:25,654 - INFO - Tokenizing dataset...
2024-10-07 15:50:28,513 - INFO - Initializing Trainer...
2024-10-07 15:50:28,643 - INFO - Starting training...
2024-10-07 15:52:24,109 - INFO - Evaluating model on the test dataset...
2024-10-07 15:52:24,865 - INFO - 

=================FarsTail Dataset Results: 

2024-10-07 15:52:24,865 - INFO - 

******************************
Test results: {'eval_loss': 1.0156610012054443, 'eval_accuracy': 0.8324808184143222, 'eval_f1': 0.8318435777652892, 'eval_runtime': 0.7532, 'eval_samples_per_second': 2076.378, 'eval_steps_per_second': 65.053, 'epoch': 7.0}
******************************


2024-10-07 15:52:24,867 - INFO - 

DeepSentiPers

2024-10-07 15:52:24,867 - INFO - Loading dataset...
2024-10-07 15:52:29,806 - INFO - Mapping labels to ternary classification
2024-10-07 15:52:29,912 - INFO - Loading tokenizer from /mnt/data/mehran-workspace/language-model/compare-models-on-downstream-tasks/find-best-checkpoint-ds/bert-fp-16-fixed-data-just-farsi-tookatokenizer-wwm-ourlinebyline/checkpoint-540000
2024-10-07 15:52:29,982 - INFO - Loading model from /mnt/data/mehran-workspace/language-model/compare-models-on-downstream-tasks/find-best-checkpoint-ds/bert-fp-16-fixed-data-just-farsi-tookatokenizer-wwm-ourlinebyline/checkpoint-540000
2024-10-07 15:52:30,041 - INFO - Tokenizing dataset...
2024-10-07 15:52:31,628 - INFO - Initializing Trainer...
2024-10-07 15:52:31,746 - INFO - Starting training...
2024-10-07 15:53:50,474 - INFO - Evaluating model on the test dataset...
2024-10-07 15:53:52,068 - INFO - 

=================DeepSentiPers Dataset Results: 

2024-10-07 15:53:52,068 - INFO - 

******************************
Test results: {'eval_loss': 0.5131186246871948, 'eval_accuracy': 0.8160733549083063, 'eval_f1': 0.7835980357884661, 'eval_runtime': 1.5918, 'eval_samples_per_second': 1164.704, 'eval_steps_per_second': 72.873, 'epoch': 3.0}
******************************


2024-10-07 15:53:52,069 - INFO - 

ParsiNLU_Multi

2024-10-07 15:53:52,069 - INFO - Loading dataset...
2024-10-07 15:53:59,079 - INFO - Loading tokenizer from /mnt/data/mehran-workspace/language-model/compare-models-on-downstream-tasks/find-best-checkpoint-ds/bert-fp-16-fixed-data-just-farsi-tookatokenizer-wwm-ourlinebyline/checkpoint-540000
2024-10-07 15:53:59,135 - INFO - Loading model from /mnt/data/mehran-workspace/language-model/compare-models-on-downstream-tasks/find-best-checkpoint-ds/bert-fp-16-fixed-data-just-farsi-tookatokenizer-wwm-ourlinebyline/checkpoint-540000
2024-10-07 15:54:01,936 - INFO - Tokenizing dataset...
2024-10-07 15:54:03,121 - INFO - Initializing Trainer...
2024-10-07 15:54:03,245 - INFO - Starting training...
2024-10-07 15:54:29,104 - INFO - Evaluating model on the test dataset...
2024-10-07 15:54:29,809 - INFO - 

=================ParsiNLU Dataset Results: 

2024-10-07 15:54:29,809 - INFO - 

******************************
Test results: {'eval_loss': 1.7874153852462769, 'eval_accuracy': 0.3142857142857143, 'eval_f1-weighted': 0.3149541833137758, 'eval_precision': 0.3171009352544614, 'eval_recall': 0.3142857142857143, 'eval_runtime': 0.7027, 'eval_samples_per_second': 1494.182, 'eval_steps_per_second': 46.96, 'epoch': 7.0}
******************************


