2025-02-19 11:09:09,114 - INFO - 





##################################################





##################################################
################# Starting #################
##################################################





##################################################






2025-02-19 11:09:09,114 - INFO - 


==================================Testing on Persian Dataset: ==================================


2025-02-19 11:09:09,114 - INFO - 

PQuAD

2025-02-19 11:09:09,114 - INFO - Loading dataset...
2025-02-19 11:11:13,864 - INFO - Loading tokenizer from /mnt/data/ez-workspace/RetroMAE/results/RetroMAE_ourspacedwordpiece_ourlinebyline
2025-02-19 11:11:13,895 - INFO - Loading model from /mnt/data/ez-workspace/RetroMAE/results/RetroMAE_ourspacedwordpiece_ourlinebyline
2025-02-19 11:11:14,062 - INFO - Tokenizing dataset...
2025-02-19 11:11:24,286 - INFO - Initializing Trainer...
2025-02-19 11:11:25,391 - INFO - Starting training...
2025-02-19 11:18:29,949 - INFO - Evaluating model on the test dataset...
2025-02-19 11:19:00,454 - INFO - 

=================SQuAD Dataset Results: 

2025-02-19 11:19:00,454 - INFO - 

******************************
Test results: {'eval_exact_match': 72.10906701708278, 'eval_f1': 88.0838011385052, 'eval_runtime': 8.8757, 'eval_samples_per_second': 685.914, 'eval_steps_per_second': 10.816, 'epoch': 2.0}
******************************


2025-02-19 11:19:00,471 - INFO - 

FarsTail

2025-02-19 11:19:00,471 - INFO - Loading dataset...
2025-02-19 11:19:21,529 - INFO - Loading tokenizer from /mnt/data/ez-workspace/RetroMAE/results/RetroMAE_ourspacedwordpiece_ourlinebyline
2025-02-19 11:19:21,551 - INFO - Loading model from /mnt/data/ez-workspace/RetroMAE/results/RetroMAE_ourspacedwordpiece_ourlinebyline
2025-02-19 11:19:21,610 - INFO - Tokenizing dataset...
2025-02-19 11:19:25,019 - INFO - Initializing Trainer...
2025-02-19 11:19:25,210 - INFO - Starting training...
2025-02-19 11:21:18,552 - INFO - Evaluating model on the test dataset...
2025-02-19 11:21:19,334 - INFO - 

=================FarsTail Dataset Results: 

2025-02-19 11:21:19,334 - INFO - 

******************************
Test results: {'eval_loss': 1.1039682626724243, 'eval_accuracy': 0.3420716112531969, 'eval_f1': 0.1699221851675401, 'eval_runtime': 0.7794, 'eval_samples_per_second': 2006.589, 'eval_steps_per_second': 62.866, 'epoch': 7.0}
******************************


2025-02-19 11:21:19,335 - INFO - 

DeepSentiPers

2025-02-19 11:21:19,335 - INFO - Loading dataset...
2025-02-19 11:21:28,830 - INFO - Mapping labels to ternary classification
2025-02-19 11:21:28,893 - INFO - Loading tokenizer from /mnt/data/ez-workspace/RetroMAE/results/RetroMAE_ourspacedwordpiece_ourlinebyline
2025-02-19 11:21:28,913 - INFO - Loading model from /mnt/data/ez-workspace/RetroMAE/results/RetroMAE_ourspacedwordpiece_ourlinebyline
2025-02-19 11:21:28,956 - INFO - Tokenizing dataset...
2025-02-19 11:21:30,279 - INFO - Initializing Trainer...
2025-02-19 11:21:30,528 - INFO - Starting training...
2025-02-19 11:22:42,608 - INFO - Evaluating model on the test dataset...
2025-02-19 11:22:44,189 - INFO - 

=================DeepSentiPers Dataset Results: 

2025-02-19 11:22:44,189 - INFO - 

******************************
Test results: {'eval_loss': 0.4921784996986389, 'eval_accuracy': 0.8295577130528586, 'eval_f1': 0.7989069495695437, 'eval_runtime': 1.5784, 'eval_samples_per_second': 1174.598, 'eval_steps_per_second': 73.492, 'epoch': 3.0}
******************************


2025-02-19 11:22:44,190 - INFO - 

ParsiNLU_Multi

2025-02-19 11:22:44,190 - INFO - Loading dataset...
2025-02-19 11:22:54,797 - INFO - Loading tokenizer from /mnt/data/ez-workspace/RetroMAE/results/RetroMAE_ourspacedwordpiece_ourlinebyline
2025-02-19 11:22:54,820 - INFO - Loading model from /mnt/data/ez-workspace/RetroMAE/results/RetroMAE_ourspacedwordpiece_ourlinebyline
2025-02-19 11:22:57,742 - INFO - Tokenizing dataset...
2025-02-19 11:22:59,149 - INFO - Initializing Trainer...
2025-02-19 11:22:59,444 - INFO - Starting training...
2025-02-19 11:23:24,375 - INFO - Evaluating model on the test dataset...
2025-02-19 11:23:25,145 - INFO - 

=================ParsiNLU Dataset Results: 

2025-02-19 11:23:25,145 - INFO - 

******************************
Test results: {'eval_loss': 1.3828961849212646, 'eval_accuracy': 0.2704761904761905, 'eval_f1-weighted': 0.27140629192450894, 'eval_precision': 0.27551056796146456, 'eval_recall': 0.2704761904761905, 'eval_runtime': 0.7671, 'eval_samples_per_second': 1368.819, 'eval_steps_per_second': 43.02, 'epoch': 7.0}
******************************


