2025-02-19 11:42:09,212 - INFO - 





##################################################





##################################################
################# Starting #################
##################################################





##################################################






2025-02-19 11:42:09,212 - INFO - 


==================================Testing on Persian Dataset: ==================================


2025-02-19 11:42:09,212 - INFO - 

PQuAD

2025-02-19 11:42:09,212 - INFO - Loading dataset...
2025-02-19 11:42:14,281 - INFO - Loading tokenizer from /mnt/data/ez-workspace/RetroMAE/results/RetroMAE_ourspacedwordpiece_ourlinebyline/checkpoint-1000000
2025-02-19 11:42:14,310 - INFO - Loading model from /mnt/data/ez-workspace/RetroMAE/results/RetroMAE_ourspacedwordpiece_ourlinebyline/checkpoint-1000000
2025-02-19 11:42:14,372 - INFO - Tokenizing dataset...
2025-02-19 11:42:24,664 - INFO - Initializing Trainer...
2025-02-19 11:42:25,352 - INFO - Starting training...
2025-02-19 11:55:22,164 - INFO - Evaluating model on the test dataset...
2025-02-19 11:55:52,897 - INFO - 

=================SQuAD Dataset Results: 

2025-02-19 11:55:52,897 - INFO - 

******************************
Test results: {'eval_exact_match': 71.32063074901446, 'eval_f1': 87.70769693371042, 'eval_runtime': 8.8733, 'eval_samples_per_second': 686.106, 'eval_steps_per_second': 10.819, 'epoch': 2.0}
******************************


2025-02-19 11:55:52,905 - INFO - 

FarsTail

2025-02-19 11:55:52,906 - INFO - Loading dataset...
2025-02-19 11:57:32,914 - WARNING - Using the latest cached version of the dataset since PNLPhub/FarsTail couldn't be found on the Hugging Face Hub
2025-02-19 11:57:32,916 - WARNING - Found the latest cached dataset configuration 'FarsTail' at /home/dev/.cache/huggingface/datasets/PNLPhub___fars_tail/FarsTail/1.0.0/abf4dc2defe6753d529c86f23a7b7257c27ce7e4 (last modified on Wed Feb 19 11:19:24 2025).
2025-02-19 11:57:32,945 - INFO - Loading tokenizer from /mnt/data/ez-workspace/RetroMAE/results/RetroMAE_ourspacedwordpiece_ourlinebyline/checkpoint-1000000
2025-02-19 11:57:32,964 - INFO - Loading model from /mnt/data/ez-workspace/RetroMAE/results/RetroMAE_ourspacedwordpiece_ourlinebyline/checkpoint-1000000
2025-02-19 11:57:33,016 - INFO - Tokenizing dataset...
2025-02-19 11:57:36,428 - INFO - Initializing Trainer...
2025-02-19 11:57:36,561 - INFO - Starting training...
2025-02-22 10:12:49,625 - INFO - 





##################################################





##################################################
################# Starting #################
##################################################





##################################################






2025-02-22 10:12:49,625 - INFO - 


==================================Testing on Persian Dataset: ==================================


2025-02-22 10:12:49,625 - INFO - 

PQuAD

2025-02-22 10:12:49,625 - INFO - Loading dataset...
2025-02-22 10:12:54,823 - INFO - Loading tokenizer from /mnt/data/ez-workspace/RetroMAE/results/RetroMAE_ourspacedwordpiece_ourlinebyline/checkpoint-1000000
2025-02-22 10:12:54,849 - INFO - Loading model from /mnt/data/ez-workspace/RetroMAE/results/RetroMAE_ourspacedwordpiece_ourlinebyline/checkpoint-1000000
2025-02-22 10:12:54,910 - INFO - Tokenizing dataset...
2025-02-22 10:12:55,466 - INFO - Initializing Trainer...
2025-02-22 10:12:55,791 - INFO - Starting training...
2025-02-22 10:20:00,243 - INFO - Evaluating model on the test dataset...
2025-02-22 10:20:30,843 - INFO - 

=================SQuAD Dataset Results: 

2025-02-22 10:20:30,844 - INFO - 

******************************
Test results: {'eval_exact_match': 71.50131406044677, 'eval_f1': 87.71674273657806, 'eval_runtime': 8.908, 'eval_samples_per_second': 683.433, 'eval_steps_per_second': 10.777, 'epoch': 2.0}
******************************


2025-02-22 10:20:30,852 - INFO - 

FarsTail

2025-02-22 10:20:30,853 - INFO - Loading dataset...
2025-02-22 10:20:36,884 - INFO - Loading tokenizer from /mnt/data/ez-workspace/RetroMAE/results/RetroMAE_ourspacedwordpiece_ourlinebyline/checkpoint-1000000
2025-02-22 10:20:36,908 - INFO - Loading model from /mnt/data/ez-workspace/RetroMAE/results/RetroMAE_ourspacedwordpiece_ourlinebyline/checkpoint-1000000
2025-02-22 10:20:36,959 - INFO - Tokenizing dataset...
2025-02-22 10:20:37,581 - INFO - Initializing Trainer...
2025-02-22 10:20:37,718 - INFO - Starting training...
2025-02-22 10:22:29,362 - INFO - Evaluating model on the test dataset...
2025-02-22 10:22:30,124 - INFO - 

=================FarsTail Dataset Results: 

2025-02-22 10:22:30,124 - INFO - 

******************************
Test results: {'eval_loss': 0.6817636489868164, 'eval_accuracy': 0.8529411764705882, 'eval_f1': 0.8514567711553535, 'eval_runtime': 0.7599, 'eval_samples_per_second': 2058.139, 'eval_steps_per_second': 64.481, 'epoch': 7.0}
******************************


2025-02-22 10:22:30,125 - INFO - 

DeepSentiPers

2025-02-22 10:22:30,126 - INFO - Loading dataset...
2025-02-22 10:22:34,879 - INFO - Mapping labels to ternary classification
2025-02-22 10:22:34,942 - INFO - Loading tokenizer from /mnt/data/ez-workspace/RetroMAE/results/RetroMAE_ourspacedwordpiece_ourlinebyline/checkpoint-1000000
2025-02-22 10:22:34,961 - INFO - Loading model from /mnt/data/ez-workspace/RetroMAE/results/RetroMAE_ourspacedwordpiece_ourlinebyline/checkpoint-1000000
2025-02-22 10:22:35,003 - INFO - Tokenizing dataset...
2025-02-22 10:22:36,321 - INFO - Initializing Trainer...
2025-02-22 10:22:36,459 - INFO - Starting training...
2025-02-22 10:23:49,727 - INFO - Evaluating model on the test dataset...
2025-02-22 10:23:51,253 - INFO - 

=================DeepSentiPers Dataset Results: 

2025-02-22 10:23:51,253 - INFO - 

******************************
Test results: {'eval_loss': 0.4973253309726715, 'eval_accuracy': 0.8247033441208198, 'eval_f1': 0.7922358322596974, 'eval_runtime': 1.5233, 'eval_samples_per_second': 1217.101, 'eval_steps_per_second': 76.151, 'epoch': 3.0}
******************************


2025-02-22 10:23:51,254 - INFO - 

ParsiNLU_Multi

2025-02-22 10:23:51,254 - INFO - Loading dataset...
2025-02-22 10:23:56,883 - INFO - Loading tokenizer from /mnt/data/ez-workspace/RetroMAE/results/RetroMAE_ourspacedwordpiece_ourlinebyline/checkpoint-1000000
2025-02-22 10:23:56,905 - INFO - Loading model from /mnt/data/ez-workspace/RetroMAE/results/RetroMAE_ourspacedwordpiece_ourlinebyline/checkpoint-1000000
2025-02-22 10:23:59,719 - INFO - Tokenizing dataset...
2025-02-22 10:24:01,132 - INFO - Initializing Trainer...
2025-02-22 10:24:01,269 - INFO - Starting training...
2025-02-22 10:24:26,092 - INFO - Evaluating model on the test dataset...
2025-02-22 10:24:26,860 - INFO - 

=================ParsiNLU Dataset Results: 

2025-02-22 10:24:26,861 - INFO - 

******************************
Test results: {'eval_loss': 1.3866220712661743, 'eval_accuracy': 0.26666666666666666, 'eval_f1-weighted': 0.198485970855388, 'eval_precision': 0.26032270674894803, 'eval_recall': 0.26666666666666666, 'eval_runtime': 0.7657, 'eval_samples_per_second': 1371.24, 'eval_steps_per_second': 43.096, 'epoch': 7.0}
******************************


