2024-12-10 08:55:44,175 - INFO - 





##################################################





##################################################
################# Starting #################
##################################################





##################################################






2024-12-10 08:55:44,176 - INFO - 


==================================Testing on Persian Dataset: ==================================


2024-12-10 08:55:44,176 - INFO - 

PQuAD

2024-12-10 08:55:44,176 - INFO - Loading dataset...
2024-12-10 08:56:02,233 - INFO - Loading tokenizer from /mnt/data/mehran-workspace/language-model/compare-models-on-downstream-tasks/all-in-one/checkpoint-220000
2024-12-10 08:56:02,294 - INFO - Loading model from /mnt/data/mehran-workspace/language-model/compare-models-on-downstream-tasks/all-in-one/checkpoint-220000
2024-12-10 08:56:02,547 - INFO - Tokenizing dataset...
2024-12-10 08:56:15,388 - INFO - Initializing Trainer...
2024-12-10 08:56:16,084 - INFO - Starting training...
2024-12-10 09:13:17,993 - INFO - Evaluating model on the test dataset...
2024-12-10 09:14:00,027 - INFO - 

=================SQuAD Dataset Results: 

2024-12-10 09:14:00,027 - INFO - 

******************************
Test results: {'eval_exact_match': 71.71484888304862, 'eval_f1': 88.3424023910236, 'eval_runtime': 18.7639, 'eval_samples_per_second': 324.452, 'eval_steps_per_second': 5.116, 'epoch': 2.0}
******************************


2024-12-10 09:14:00,047 - INFO - 

FarsTail

2024-12-10 09:14:00,049 - INFO - Loading dataset...
2024-12-10 09:14:07,093 - INFO - Loading tokenizer from /mnt/data/mehran-workspace/language-model/compare-models-on-downstream-tasks/all-in-one/checkpoint-220000
2024-12-10 09:14:07,160 - INFO - Loading model from /mnt/data/mehran-workspace/language-model/compare-models-on-downstream-tasks/all-in-one/checkpoint-220000
2024-12-10 09:14:07,308 - INFO - Tokenizing dataset...
2024-12-10 09:14:10,559 - INFO - Initializing Trainer...
2024-12-10 09:14:11,001 - INFO - Starting training...
2024-12-10 09:18:45,493 - INFO - Evaluating model on the test dataset...
2024-12-10 09:18:47,183 - INFO - 

=================FarsTail Dataset Results: 

2024-12-10 09:18:47,183 - INFO - 

******************************
Test results: {'eval_loss': 1.1153552532196045, 'eval_accuracy': 0.3420716112531969, 'eval_f1': 0.1699221851675401, 'eval_runtime': 1.6858, 'eval_samples_per_second': 927.745, 'eval_steps_per_second': 29.066, 'epoch': 7.0}
******************************


2024-12-10 09:18:47,184 - INFO - 

DeepSentiPers

2024-12-10 09:18:47,184 - INFO - Loading dataset...
2024-12-10 09:18:54,159 - INFO - Mapping labels to ternary classification
2024-12-10 09:18:54,245 - INFO - Loading tokenizer from /mnt/data/mehran-workspace/language-model/compare-models-on-downstream-tasks/all-in-one/checkpoint-220000
2024-12-10 09:18:54,298 - INFO - Loading model from /mnt/data/mehran-workspace/language-model/compare-models-on-downstream-tasks/all-in-one/checkpoint-220000
2024-12-10 09:18:54,423 - INFO - Tokenizing dataset...
2024-12-10 09:18:55,843 - INFO - Initializing Trainer...
2024-12-10 09:18:56,311 - INFO - Starting training...
2024-12-10 09:21:59,364 - INFO - Evaluating model on the test dataset...
2024-12-10 09:22:03,229 - INFO - 

=================DeepSentiPers Dataset Results: 

2024-12-10 09:22:03,229 - INFO - 

******************************
Test results: {'eval_loss': 0.5565767884254456, 'eval_accuracy': 0.8284789644012945, 'eval_f1': 0.7967717383956514, 'eval_runtime': 3.8622, 'eval_samples_per_second': 480.041, 'eval_steps_per_second': 30.035, 'epoch': 3.0}
******************************


2024-12-10 09:22:03,230 - INFO - 

ParsiNLU_Multi

2024-12-10 09:22:03,231 - INFO - Loading dataset...
2024-12-10 09:22:09,379 - INFO - Loading tokenizer from /mnt/data/mehran-workspace/language-model/compare-models-on-downstream-tasks/all-in-one/checkpoint-220000
2024-12-10 09:22:09,462 - INFO - Loading model from /mnt/data/mehran-workspace/language-model/compare-models-on-downstream-tasks/all-in-one/checkpoint-220000
2024-12-10 09:22:14,045 - INFO - Tokenizing dataset...
2024-12-10 09:22:15,599 - INFO - Initializing Trainer...
2024-12-10 09:22:16,041 - INFO - Starting training...
2024-12-10 09:23:25,247 - INFO - Evaluating model on the test dataset...
2024-12-10 09:23:27,035 - INFO - 

=================ParsiNLU Dataset Results: 

2024-12-10 09:23:27,036 - INFO - 

******************************
Test results: {'eval_loss': 1.3864508867263794, 'eval_accuracy': 0.2695238095238095, 'eval_f1-weighted': 0.20984719627510298, 'eval_precision': 0.2618771817799495, 'eval_recall': 0.2695238095238095, 'eval_runtime': 1.7848, 'eval_samples_per_second': 588.287, 'eval_steps_per_second': 18.489, 'epoch': 7.0}
******************************


