2024-08-27 08:13:52,964 - INFO - 





##################################################





##################################################
################# Starting #################
##################################################





##################################################






2024-08-27 08:13:52,964 - INFO - 


==================================Testing on Persian Dataset: ==================================


2024-08-27 08:13:52,964 - INFO - 

PQuAD

2024-08-27 08:13:52,964 - INFO - Loading dataset...
2024-08-27 08:15:48,660 - INFO - Loading tokenizer from /mnt/data/mehran-workspace//models/zibert-v1/zibert_v1
2024-08-27 08:15:48,775 - INFO - Loading model from /mnt/data/mehran-workspace//models/zibert-v1/zibert_v1
2024-08-27 08:15:48,884 - INFO - Tokenizing dataset...
2024-08-27 08:15:49,121 - INFO - Initializing Trainer...
2024-08-27 08:15:49,332 - INFO - Starting training...
2024-08-27 08:22:42,279 - INFO - Evaluating model on the test dataset...
2024-08-27 08:23:19,561 - INFO - 

=================SQuAD Dataset Results: 

2024-08-27 08:23:19,561 - INFO - 

******************************
Test results: {'eval_exact_match': 56.93166885676741, 'eval_f1': 75.52097866034374, 'eval_runtime': 9.5965, 'eval_samples_per_second': 634.5, 'eval_steps_per_second': 10.004, 'epoch': 2.0}
******************************


2024-08-27 08:23:19,572 - INFO - 

FarsTail

2024-08-27 08:23:19,572 - INFO - Loading dataset...
2024-08-27 08:23:39,596 - WARNING - Using the latest cached version of the dataset since PNLPhub/FarsTail couldn't be found on the Hugging Face Hub
2024-08-27 08:23:39,597 - WARNING - Found the latest cached dataset configuration 'FarsTail' at /home/dev/.cache/huggingface/datasets/PNLPhub___fars_tail/FarsTail/1.0.0/abf4dc2defe6753d529c86f23a7b7257c27ce7e4 (last modified on Tue Aug 27 07:43:49 2024).
2024-08-27 08:23:39,626 - INFO - Loading tokenizer from /mnt/data/mehran-workspace//models/zibert-v1/zibert_v1
2024-08-27 08:23:39,719 - INFO - Loading model from /mnt/data/mehran-workspace//models/zibert-v1/zibert_v1
2024-08-27 08:23:40,937 - INFO - Tokenizing dataset...
2024-08-27 08:23:41,431 - INFO - Initializing Trainer...
2024-08-27 08:23:41,461 - INFO - Starting training...
2024-08-27 08:25:07,392 - INFO - Evaluating model on the test dataset...
2024-08-27 08:25:08,135 - INFO - 

=================FarsTail Dataset Results: 

2024-08-27 08:25:08,136 - INFO - 

******************************
Test results: {'eval_loss': 0.7327056527137756, 'eval_accuracy': 0.7135549872122762, 'eval_f1': 0.7112281138449829, 'eval_runtime': 0.7408, 'eval_samples_per_second': 2111.303, 'eval_steps_per_second': 66.147, 'epoch': 7.0}
******************************


2024-08-27 08:25:08,136 - INFO - 

DeepSentiPers

2024-08-27 08:25:08,137 - INFO - Loading dataset...
2024-08-27 08:26:00,656 - INFO - Mapping labels to ternary classification
2024-08-27 08:26:00,745 - INFO - Loading tokenizer from /mnt/data/mehran-workspace//models/zibert-v1/zibert_v1
2024-08-27 08:26:00,843 - INFO - Loading model from /mnt/data/mehran-workspace//models/zibert-v1/zibert_v1
2024-08-27 08:26:02,065 - INFO - Tokenizing dataset...
2024-08-27 08:26:04,495 - INFO - Initializing Trainer...
2024-08-27 08:26:04,524 - INFO - Starting training...
2024-08-27 08:27:26,642 - INFO - Evaluating model on the test dataset...
2024-08-27 08:27:29,754 - INFO - 

=================DeepSentiPers Dataset Results: 

2024-08-27 08:27:29,755 - INFO - 

******************************
Test results: {'eval_loss': 0.5588253140449524, 'eval_accuracy': 0.7874865156418555, 'eval_f1': 0.7439742726274137, 'eval_runtime': 3.1103, 'eval_samples_per_second': 596.082, 'eval_steps_per_second': 37.295, 'epoch': 3.0}
******************************


2024-08-27 08:27:29,755 - INFO - 

ParsiNLU_Multi

2024-08-27 08:27:29,756 - INFO - Loading dataset...
2024-08-27 08:27:54,626 - INFO - Loading tokenizer from /mnt/data/mehran-workspace//models/zibert-v1/zibert_v1
2024-08-27 08:27:54,727 - INFO - Loading model from /mnt/data/mehran-workspace//models/zibert-v1/zibert_v1
2024-08-27 08:27:56,127 - INFO - Tokenizing dataset...
2024-08-27 08:27:56,366 - INFO - Initializing Trainer...
2024-08-27 08:27:56,398 - INFO - Starting training...
2024-08-27 08:28:18,811 - INFO - Evaluating model on the test dataset...
2024-08-27 08:28:19,584 - INFO - 

=================ParsiNLU Dataset Results: 

2024-08-27 08:28:19,585 - INFO - 

******************************
Test results: {'eval_loss': 1.386061191558838, 'eval_accuracy': 0.2780952380952381, 'eval_f1-weighted': 0.279253020670776, 'eval_precision': 0.2822909771235067, 'eval_recall': 0.2780952380952381, 'eval_runtime': 0.7707, 'eval_samples_per_second': 1362.328, 'eval_steps_per_second': 42.816, 'epoch': 7.0}
******************************


