2024-10-08 06:35:58,976 - INFO - 





##################################################





##################################################
################# Starting #################
##################################################





##################################################






2024-10-08 06:35:58,976 - INFO - 


==================================Testing on Persian Dataset: ==================================


2024-10-08 06:35:58,976 - INFO - 

PQuAD

2024-10-08 06:35:58,976 - INFO - Loading dataset...
2024-10-08 06:36:02,480 - INFO - Loading tokenizer from /mnt/data/mehran-workspace/language-model/compare-models-on-downstream-tasks/find-best-checkpoint-ds/ourfarsi_tookatokenizer_wwm-r_ourlinebyline/checkpoint-400000
2024-10-08 06:36:02,537 - INFO - Loading model from /mnt/data/mehran-workspace/language-model/compare-models-on-downstream-tasks/find-best-checkpoint-ds/ourfarsi_tookatokenizer_wwm-r_ourlinebyline/checkpoint-400000
2024-10-08 06:36:02,599 - INFO - Tokenizing dataset...
2024-10-08 06:36:11,517 - INFO - Initializing Trainer...
2024-10-08 06:36:11,973 - INFO - Starting training...
2024-10-08 06:42:48,170 - INFO - Evaluating model on the test dataset...
2024-10-08 06:43:14,837 - INFO - 

=================SQuAD Dataset Results: 

2024-10-08 06:43:14,837 - INFO - 

******************************
Test results: {'eval_exact_match': 69.97371879106439, 'eval_f1': 87.05697755130862, 'eval_runtime': 7.734, 'eval_samples_per_second': 787.171, 'eval_steps_per_second': 12.413, 'epoch': 2.0}
******************************


2024-10-08 06:43:14,844 - INFO - 

FarsTail

2024-10-08 06:43:14,844 - INFO - Loading dataset...
2024-10-08 06:43:19,726 - INFO - Loading tokenizer from /mnt/data/mehran-workspace/language-model/compare-models-on-downstream-tasks/find-best-checkpoint-ds/ourfarsi_tookatokenizer_wwm-r_ourlinebyline/checkpoint-400000
2024-10-08 06:43:19,774 - INFO - Loading model from /mnt/data/mehran-workspace/language-model/compare-models-on-downstream-tasks/find-best-checkpoint-ds/ourfarsi_tookatokenizer_wwm-r_ourlinebyline/checkpoint-400000
2024-10-08 06:43:19,826 - INFO - Tokenizing dataset...
2024-10-08 06:43:22,735 - INFO - Initializing Trainer...
2024-10-08 06:43:22,855 - INFO - Starting training...
2024-10-08 06:45:01,258 - INFO - Evaluating model on the test dataset...
2024-10-08 06:45:01,943 - INFO - 

=================FarsTail Dataset Results: 

2024-10-08 06:45:01,944 - INFO - 

******************************
Test results: {'eval_loss': 1.0307167768478394, 'eval_accuracy': 0.8132992327365729, 'eval_f1': 0.8142271997052705, 'eval_runtime': 0.6833, 'eval_samples_per_second': 2288.802, 'eval_steps_per_second': 71.708, 'epoch': 7.0}
******************************


2024-10-08 06:45:01,945 - INFO - 

DeepSentiPers

2024-10-08 06:45:01,945 - INFO - Loading dataset...
2024-10-08 06:45:06,576 - INFO - Mapping labels to ternary classification
2024-10-08 06:45:06,644 - INFO - Loading tokenizer from /mnt/data/mehran-workspace/language-model/compare-models-on-downstream-tasks/find-best-checkpoint-ds/ourfarsi_tookatokenizer_wwm-r_ourlinebyline/checkpoint-400000
2024-10-08 06:45:06,692 - INFO - Loading model from /mnt/data/mehran-workspace/language-model/compare-models-on-downstream-tasks/find-best-checkpoint-ds/ourfarsi_tookatokenizer_wwm-r_ourlinebyline/checkpoint-400000
2024-10-08 06:45:06,735 - INFO - Tokenizing dataset...
2024-10-08 06:45:07,776 - INFO - Initializing Trainer...
2024-10-08 06:45:07,901 - INFO - Starting training...
2024-10-08 06:46:19,384 - INFO - Evaluating model on the test dataset...
2024-10-08 06:46:20,792 - INFO - 

=================DeepSentiPers Dataset Results: 

2024-10-08 06:46:20,792 - INFO - 

******************************
Test results: {'eval_loss': 0.6130366921424866, 'eval_accuracy': 0.8225458468176915, 'eval_f1': 0.796712907120967, 'eval_runtime': 1.4058, 'eval_samples_per_second': 1318.864, 'eval_steps_per_second': 82.518, 'epoch': 3.0}
******************************


2024-10-08 06:46:20,792 - INFO - 

ParsiNLU_Multi

2024-10-08 06:46:20,793 - INFO - Loading dataset...
2024-10-08 06:46:26,359 - INFO - Loading tokenizer from /mnt/data/mehran-workspace/language-model/compare-models-on-downstream-tasks/find-best-checkpoint-ds/ourfarsi_tookatokenizer_wwm-r_ourlinebyline/checkpoint-400000
2024-10-08 06:46:26,408 - INFO - Loading model from /mnt/data/mehran-workspace/language-model/compare-models-on-downstream-tasks/find-best-checkpoint-ds/ourfarsi_tookatokenizer_wwm-r_ourlinebyline/checkpoint-400000
2024-10-08 06:46:29,000 - INFO - Tokenizing dataset...
2024-10-08 06:46:30,088 - INFO - Initializing Trainer...
2024-10-08 06:46:30,211 - INFO - Starting training...
2024-10-08 06:46:55,600 - INFO - Evaluating model on the test dataset...
2024-10-08 06:46:56,312 - INFO - 

=================ParsiNLU Dataset Results: 

2024-10-08 06:46:56,312 - INFO - 

******************************
Test results: {'eval_loss': 2.2239723205566406, 'eval_accuracy': 0.32571428571428573, 'eval_f1-weighted': 0.3255336783489274, 'eval_precision': 0.32886571392460634, 'eval_recall': 0.32571428571428573, 'eval_runtime': 0.709, 'eval_samples_per_second': 1480.929, 'eval_steps_per_second': 46.543, 'epoch': 7.0}
******************************


