2024-10-12 09:13:24,561 - INFO - 





##################################################





##################################################
################# Starting #################
##################################################





##################################################






2024-10-12 09:13:24,561 - INFO - 


==================================Testing on Persian Dataset: ==================================


2024-10-12 09:13:24,561 - INFO - 

PQuAD

2024-10-12 09:13:24,561 - INFO - Loading dataset...
2024-10-12 09:13:28,465 - INFO - Loading tokenizer from /mnt/data/morteza-workspace/language-model/models/tokenizer/tookabert_tokenizer
2024-10-12 09:13:28,572 - INFO - Loading model from /mnt/data/ez-workspace/FlagEmbedding/FlagEmbedding/baai_general_embedding/results/bge_7neg_fa+trans/checkpoint-240000
2024-10-12 09:13:28,641 - INFO - Tokenizing dataset...
2024-10-12 09:13:29,240 - INFO - Initializing Trainer...
2024-10-12 09:13:29,586 - INFO - Starting training...
2024-10-12 09:20:25,187 - INFO - Evaluating model on the test dataset...
2024-10-12 09:20:54,849 - INFO - 

=================SQuAD Dataset Results: 

2024-10-12 09:20:54,850 - INFO - 

******************************
Test results: {'eval_exact_match': 70.99211563731932, 'eval_f1': 87.58993795945995, 'eval_runtime': 8.1061, 'eval_samples_per_second': 751.037, 'eval_steps_per_second': 11.843, 'epoch': 2.0}
******************************


2024-10-12 09:20:54,857 - INFO - 

FarsTail

2024-10-12 09:20:54,858 - INFO - Loading dataset...
2024-10-12 09:21:00,137 - INFO - Loading tokenizer from /mnt/data/morteza-workspace/language-model/models/tokenizer/tookabert_tokenizer
2024-10-12 09:21:00,218 - INFO - Loading model from /mnt/data/ez-workspace/FlagEmbedding/FlagEmbedding/baai_general_embedding/results/bge_7neg_fa+trans/checkpoint-240000
2024-10-12 09:21:00,273 - INFO - Tokenizing dataset...
2024-10-12 09:21:00,854 - INFO - Initializing Trainer...
2024-10-12 09:21:00,988 - INFO - Starting training...
2024-10-12 09:22:54,545 - INFO - Evaluating model on the test dataset...
2024-10-12 09:22:55,353 - INFO - 

=================FarsTail Dataset Results: 

2024-10-12 09:22:55,353 - INFO - 

******************************
Test results: {'eval_loss': 1.0532774925231934, 'eval_accuracy': 0.8471867007672634, 'eval_f1': 0.8461840530607322, 'eval_runtime': 0.8053, 'eval_samples_per_second': 1942.016, 'eval_steps_per_second': 60.843, 'epoch': 7.0}
******************************


2024-10-12 09:22:55,355 - INFO - 

DeepSentiPers

2024-10-12 09:22:55,355 - INFO - Loading dataset...
2024-10-12 09:23:00,313 - INFO - Mapping labels to ternary classification
2024-10-12 09:23:00,388 - INFO - Loading tokenizer from /mnt/data/morteza-workspace/language-model/models/tokenizer/tookabert_tokenizer
2024-10-12 09:23:00,471 - INFO - Loading model from /mnt/data/ez-workspace/FlagEmbedding/FlagEmbedding/baai_general_embedding/results/bge_7neg_fa+trans/checkpoint-240000
2024-10-12 09:23:00,516 - INFO - Tokenizing dataset...
2024-10-12 09:23:01,703 - INFO - Initializing Trainer...
2024-10-12 09:23:01,813 - INFO - Starting training...
2024-10-12 09:24:15,299 - INFO - Evaluating model on the test dataset...
2024-10-12 09:24:16,951 - INFO - 

=================DeepSentiPers Dataset Results: 

2024-10-12 09:24:16,951 - INFO - 

******************************
Test results: {'eval_loss': 0.5797684192657471, 'eval_accuracy': 0.8349514563106796, 'eval_f1': 0.8046482008378174, 'eval_runtime': 1.6494, 'eval_samples_per_second': 1124.062, 'eval_steps_per_second': 70.33, 'epoch': 3.0}
******************************


2024-10-12 09:24:16,952 - INFO - 

ParsiNLU_Multi

2024-10-12 09:24:16,952 - INFO - Loading dataset...
2024-10-12 09:24:23,466 - INFO - Loading tokenizer from /mnt/data/morteza-workspace/language-model/models/tokenizer/tookabert_tokenizer
2024-10-12 09:24:23,553 - INFO - Loading model from /mnt/data/ez-workspace/FlagEmbedding/FlagEmbedding/baai_general_embedding/results/bge_7neg_fa+trans/checkpoint-240000
2024-10-12 09:24:23,743 - INFO - Tokenizing dataset...
2024-10-12 09:24:23,960 - INFO - Initializing Trainer...
2024-10-12 09:24:24,094 - INFO - Starting training...
2024-10-12 09:24:50,070 - INFO - Evaluating model on the test dataset...
2024-10-12 09:24:50,814 - INFO - 

=================ParsiNLU Dataset Results: 

2024-10-12 09:24:50,815 - INFO - 

******************************
Test results: {'eval_loss': 2.0641214847564697, 'eval_accuracy': 0.3380952380952381, 'eval_f1-weighted': 0.33836615181519036, 'eval_precision': 0.33967654715574436, 'eval_recall': 0.3380952380952381, 'eval_runtime': 0.7417, 'eval_samples_per_second': 1415.749, 'eval_steps_per_second': 44.495, 'epoch': 7.0}
******************************


