2024-10-12 09:26:50,651 - INFO - 





##################################################





##################################################
################# Starting #################
##################################################





##################################################






2024-10-12 09:26:50,651 - INFO - 


==================================Testing on Persian Dataset: ==================================


2024-10-12 09:26:50,651 - INFO - 

PQuAD

2024-10-12 09:26:50,651 - INFO - Loading dataset...
2024-10-12 09:26:54,225 - INFO - Loading tokenizer from /mnt/data/morteza-workspace/language-model/models/tokenizer/tookabert_tokenizer
2024-10-12 09:26:54,327 - INFO - Loading model from /mnt/data/ez-workspace/FlagEmbedding/FlagEmbedding/baai_general_embedding/results/attention_bert_7neg_fa+trans/checkpoint-270000
2024-10-12 09:26:54,392 - INFO - Tokenizing dataset...
2024-10-12 09:26:54,953 - INFO - Initializing Trainer...
2024-10-12 09:26:55,288 - INFO - Starting training...
2024-10-12 09:33:51,493 - INFO - Evaluating model on the test dataset...
2024-10-12 09:34:20,893 - INFO - 

=================SQuAD Dataset Results: 

2024-10-12 09:34:20,894 - INFO - 

******************************
Test results: {'eval_exact_match': 4.23784494086728, 'eval_f1': 10.752055403697767, 'eval_runtime': 8.1419, 'eval_samples_per_second': 747.741, 'eval_steps_per_second': 11.791, 'epoch': 2.0}
******************************


2024-10-12 09:34:20,903 - INFO - 

FarsTail

2024-10-12 09:34:20,903 - INFO - Loading dataset...
2024-10-12 09:34:26,006 - INFO - Loading tokenizer from /mnt/data/morteza-workspace/language-model/models/tokenizer/tookabert_tokenizer
2024-10-12 09:34:26,085 - INFO - Loading model from /mnt/data/ez-workspace/FlagEmbedding/FlagEmbedding/baai_general_embedding/results/attention_bert_7neg_fa+trans/checkpoint-270000
2024-10-12 09:34:26,137 - INFO - Tokenizing dataset...
2024-10-12 09:34:26,290 - INFO - Initializing Trainer...
2024-10-12 09:34:26,428 - INFO - Starting training...
2024-10-12 09:36:17,921 - INFO - Evaluating model on the test dataset...
2024-10-12 09:36:18,663 - INFO - 

=================FarsTail Dataset Results: 

2024-10-12 09:36:18,663 - INFO - 

******************************
Test results: {'eval_loss': 1.0999128818511963, 'eval_accuracy': 0.3420716112531969, 'eval_f1': 0.1699221851675401, 'eval_runtime': 0.74, 'eval_samples_per_second': 2113.492, 'eval_steps_per_second': 66.216, 'epoch': 7.0}
******************************


2024-10-12 09:36:18,664 - INFO - 

DeepSentiPers

2024-10-12 09:36:18,664 - INFO - Loading dataset...
2024-10-12 09:36:23,737 - INFO - Mapping labels to ternary classification
2024-10-12 09:36:23,807 - INFO - Loading tokenizer from /mnt/data/morteza-workspace/language-model/models/tokenizer/tookabert_tokenizer
2024-10-12 09:36:23,885 - INFO - Loading model from /mnt/data/ez-workspace/FlagEmbedding/FlagEmbedding/baai_general_embedding/results/attention_bert_7neg_fa+trans/checkpoint-270000
2024-10-12 09:36:23,928 - INFO - Tokenizing dataset...
2024-10-12 09:36:25,050 - INFO - Initializing Trainer...
2024-10-12 09:36:25,173 - INFO - Starting training...
2024-10-12 09:37:35,132 - INFO - Evaluating model on the test dataset...
2024-10-12 09:37:36,799 - INFO - 

=================DeepSentiPers Dataset Results: 

2024-10-12 09:37:36,799 - INFO - 

******************************
Test results: {'eval_loss': 0.8443779349327087, 'eval_accuracy': 0.6499460625674218, 'eval_f1': 0.4444318975026027, 'eval_runtime': 1.6642, 'eval_samples_per_second': 1114.077, 'eval_steps_per_second': 69.705, 'epoch': 3.0}
******************************


2024-10-12 09:37:36,800 - INFO - 

ParsiNLU_Multi

2024-10-12 09:37:36,800 - INFO - Loading dataset...
2024-10-12 09:37:43,171 - INFO - Loading tokenizer from /mnt/data/morteza-workspace/language-model/models/tokenizer/tookabert_tokenizer
2024-10-12 09:37:43,256 - INFO - Loading model from /mnt/data/ez-workspace/FlagEmbedding/FlagEmbedding/baai_general_embedding/results/attention_bert_7neg_fa+trans/checkpoint-270000
2024-10-12 09:37:43,449 - INFO - Tokenizing dataset...
2024-10-12 09:37:43,621 - INFO - Initializing Trainer...
2024-10-12 09:37:43,768 - INFO - Starting training...
2024-10-12 09:38:09,500 - INFO - Evaluating model on the test dataset...
2024-10-12 09:38:10,248 - INFO - 

=================ParsiNLU Dataset Results: 

2024-10-12 09:38:10,248 - INFO - 

******************************
Test results: {'eval_loss': 1.5372048616409302, 'eval_accuracy': 0.2914285714285714, 'eval_f1-weighted': 0.2924957251457053, 'eval_precision': 0.29499196526045757, 'eval_recall': 0.2914285714285714, 'eval_runtime': 0.7448, 'eval_samples_per_second': 1409.809, 'eval_steps_per_second': 44.308, 'epoch': 7.0}
******************************


