2024-10-19 08:14:54,843 - INFO - 





##################################################





##################################################
################# Starting #################
##################################################





##################################################






2024-10-19 08:14:54,844 - INFO - 


==================================Testing on Persian Dataset: ==================================


2024-10-19 08:14:54,844 - INFO - 

PQuAD

2024-10-19 08:14:54,844 - INFO - Loading dataset...
2024-10-19 08:14:58,028 - INFO - Loading tokenizer from /mnt/data/mehran-workspace/language-model/train-rope/line-by-line/results/fp16-allfarsi-tooka-mlm-rope-ourlinebyline
2024-10-19 08:14:58,095 - INFO - Loading model from /mnt/data/mehran-workspace/language-model/train-rope/line-by-line/results/fp16-allfarsi-tooka-mlm-rope-ourlinebyline
2024-10-19 08:14:58,200 - INFO - Tokenizing dataset...
2024-10-19 08:15:08,072 - INFO - Initializing Trainer...
2024-10-19 08:15:08,498 - INFO - Starting training...
2024-10-19 08:26:21,506 - INFO - Evaluating model on the test dataset...
2024-10-19 08:26:56,272 - INFO - 

=================SQuAD Dataset Results: 

2024-10-19 08:26:56,272 - INFO - 

******************************
Test results: {'eval_exact_match': 71.97766097240473, 'eval_f1': 88.42920084904146, 'eval_runtime': 14.4059, 'eval_samples_per_second': 422.605, 'eval_steps_per_second': 6.664, 'epoch': 2.0}
******************************


2024-10-19 08:26:56,284 - INFO - 

FarsTail

2024-10-19 08:26:56,284 - INFO - Loading dataset...
2024-10-19 08:27:01,799 - INFO - Loading tokenizer from /mnt/data/mehran-workspace/language-model/train-rope/line-by-line/results/fp16-allfarsi-tooka-mlm-rope-ourlinebyline
2024-10-19 08:27:01,859 - INFO - Loading model from /mnt/data/mehran-workspace/language-model/train-rope/line-by-line/results/fp16-allfarsi-tooka-mlm-rope-ourlinebyline
2024-10-19 08:27:01,954 - INFO - Tokenizing dataset...
2024-10-19 08:27:04,825 - INFO - Initializing Trainer...
2024-10-19 08:27:05,001 - INFO - Starting training...
2024-10-19 08:29:26,572 - INFO - Evaluating model on the test dataset...
2024-10-19 08:29:27,643 - INFO - 

=================FarsTail Dataset Results: 

2024-10-19 08:29:27,643 - INFO - 

******************************
Test results: {'eval_loss': 0.9900771975517273, 'eval_accuracy': 0.8491048593350383, 'eval_f1': 0.8484398317731651, 'eval_runtime': 1.0679, 'eval_samples_per_second': 1464.493, 'eval_steps_per_second': 45.882, 'epoch': 7.0}
******************************


2024-10-19 08:29:27,644 - INFO - 

DeepSentiPers

2024-10-19 08:29:27,644 - INFO - Loading dataset...
2024-10-19 08:29:32,283 - INFO - Mapping labels to ternary classification
2024-10-19 08:29:32,360 - INFO - Loading tokenizer from /mnt/data/mehran-workspace/language-model/train-rope/line-by-line/results/fp16-allfarsi-tooka-mlm-rope-ourlinebyline
2024-10-19 08:29:32,414 - INFO - Loading model from /mnt/data/mehran-workspace/language-model/train-rope/line-by-line/results/fp16-allfarsi-tooka-mlm-rope-ourlinebyline
2024-10-19 08:29:32,498 - INFO - Tokenizing dataset...
2024-10-19 08:29:33,629 - INFO - Initializing Trainer...
2024-10-19 08:29:33,795 - INFO - Starting training...
2024-10-19 08:31:06,862 - INFO - Evaluating model on the test dataset...
2024-10-19 08:31:09,146 - INFO - 

=================DeepSentiPers Dataset Results: 

2024-10-19 08:31:09,146 - INFO - 

******************************
Test results: {'eval_loss': 0.5627567172050476, 'eval_accuracy': 0.8300970873786407, 'eval_f1': 0.8041576641936619, 'eval_runtime': 2.2807, 'eval_samples_per_second': 812.92, 'eval_steps_per_second': 50.862, 'epoch': 3.0}
******************************


2024-10-19 08:31:09,146 - INFO - 

ParsiNLU_Multi

2024-10-19 08:31:09,147 - INFO - Loading dataset...
2024-10-19 08:31:14,671 - INFO - Loading tokenizer from /mnt/data/mehran-workspace/language-model/train-rope/line-by-line/results/fp16-allfarsi-tooka-mlm-rope-ourlinebyline
2024-10-19 08:31:14,726 - INFO - Loading model from /mnt/data/mehran-workspace/language-model/train-rope/line-by-line/results/fp16-allfarsi-tooka-mlm-rope-ourlinebyline
2024-10-19 08:31:18,061 - INFO - Tokenizing dataset...
2024-10-19 08:31:19,226 - INFO - Initializing Trainer...
2024-10-19 08:31:19,389 - INFO - Starting training...
2024-10-19 08:31:54,763 - INFO - Evaluating model on the test dataset...
2024-10-19 08:31:55,843 - INFO - 

=================ParsiNLU Dataset Results: 

2024-10-19 08:31:55,843 - INFO - 

******************************
Test results: {'eval_loss': 1.6234290599822998, 'eval_accuracy': 0.319047619047619, 'eval_f1-weighted': 0.32080014522416844, 'eval_precision': 0.325047365353495, 'eval_recall': 0.319047619047619, 'eval_runtime': 1.0766, 'eval_samples_per_second': 975.305, 'eval_steps_per_second': 30.652, 'epoch': 7.0}
******************************


