2024-10-07 15:14:21,164 - INFO - 





##################################################





##################################################
################# Starting #################
##################################################





##################################################






2024-10-07 15:14:21,164 - INFO - 


==================================Testing on Persian Dataset: ==================================


2024-10-07 15:14:21,164 - INFO - 

PQuAD

2024-10-07 15:14:21,164 - INFO - Loading dataset...
2024-10-07 15:14:24,794 - INFO - Loading tokenizer from /mnt/data/mehran-workspace/language-model/compare-models-on-downstream-tasks/find-best-checkpoint-ds/bert-fp-16-fixed-data-just-farsi-ournewtokenizer-wwm-ourlinebyline/checkpoint-680000
2024-10-07 15:14:24,849 - INFO - Loading model from /mnt/data/mehran-workspace/language-model/compare-models-on-downstream-tasks/find-best-checkpoint-ds/bert-fp-16-fixed-data-just-farsi-ournewtokenizer-wwm-ourlinebyline/checkpoint-680000
2024-10-07 15:14:24,912 - INFO - Tokenizing dataset...
2024-10-07 15:14:32,352 - INFO - Initializing Trainer...
2024-10-07 15:14:32,735 - INFO - Starting training...
2024-10-07 15:21:38,075 - INFO - Evaluating model on the test dataset...
2024-10-07 15:22:09,684 - INFO - 

=================SQuAD Dataset Results: 

2024-10-07 15:22:09,684 - INFO - 

******************************
Test results: {'eval_exact_match': 71.10709592641261, 'eval_f1': 87.40746382131134, 'eval_runtime': 9.0805, 'eval_samples_per_second': 670.447, 'eval_steps_per_second': 10.572, 'epoch': 2.0}
******************************


2024-10-07 15:22:09,693 - INFO - 

FarsTail

2024-10-07 15:22:09,694 - INFO - Loading dataset...
2024-10-07 15:22:14,419 - INFO - Loading tokenizer from /mnt/data/mehran-workspace/language-model/compare-models-on-downstream-tasks/find-best-checkpoint-ds/bert-fp-16-fixed-data-just-farsi-ournewtokenizer-wwm-ourlinebyline/checkpoint-680000
2024-10-07 15:22:14,461 - INFO - Loading model from /mnt/data/mehran-workspace/language-model/compare-models-on-downstream-tasks/find-best-checkpoint-ds/bert-fp-16-fixed-data-just-farsi-ournewtokenizer-wwm-ourlinebyline/checkpoint-680000
2024-10-07 15:22:14,514 - INFO - Tokenizing dataset...
2024-10-07 15:22:16,380 - INFO - Initializing Trainer...
2024-10-07 15:22:16,534 - INFO - Starting training...
2024-10-07 15:23:55,666 - INFO - Evaluating model on the test dataset...
2024-10-07 15:23:56,419 - INFO - 

=================FarsTail Dataset Results: 

2024-10-07 15:23:56,419 - INFO - 

******************************
Test results: {'eval_loss': 0.9317458271980286, 'eval_accuracy': 0.8203324808184144, 'eval_f1': 0.8189470019126555, 'eval_runtime': 0.7512, 'eval_samples_per_second': 2082.122, 'eval_steps_per_second': 65.233, 'epoch': 7.0}
******************************


2024-10-07 15:23:56,420 - INFO - 

DeepSentiPers

2024-10-07 15:23:56,420 - INFO - Loading dataset...
2024-10-07 15:24:00,684 - INFO - Mapping labels to ternary classification
2024-10-07 15:24:00,755 - INFO - Loading tokenizer from /mnt/data/mehran-workspace/language-model/compare-models-on-downstream-tasks/find-best-checkpoint-ds/bert-fp-16-fixed-data-just-farsi-ournewtokenizer-wwm-ourlinebyline/checkpoint-680000
2024-10-07 15:24:00,796 - INFO - Loading model from /mnt/data/mehran-workspace/language-model/compare-models-on-downstream-tasks/find-best-checkpoint-ds/bert-fp-16-fixed-data-just-farsi-ournewtokenizer-wwm-ourlinebyline/checkpoint-680000
2024-10-07 15:24:00,844 - INFO - Tokenizing dataset...
2024-10-07 15:24:01,574 - INFO - Initializing Trainer...
2024-10-07 15:24:01,724 - INFO - Starting training...
2024-10-07 15:25:03,860 - INFO - Evaluating model on the test dataset...
2024-10-07 15:25:05,345 - INFO - 

=================DeepSentiPers Dataset Results: 

2024-10-07 15:25:05,345 - INFO - 

******************************
Test results: {'eval_loss': 0.600847601890564, 'eval_accuracy': 0.8106796116504854, 'eval_f1': 0.7713609483203344, 'eval_runtime': 1.4824, 'eval_samples_per_second': 1250.704, 'eval_steps_per_second': 78.253, 'epoch': 3.0}
******************************


2024-10-07 15:25:05,345 - INFO - 

ParsiNLU_Multi

2024-10-07 15:25:05,346 - INFO - Loading dataset...
2024-10-07 15:25:10,920 - INFO - Loading tokenizer from /mnt/data/mehran-workspace/language-model/compare-models-on-downstream-tasks/find-best-checkpoint-ds/bert-fp-16-fixed-data-just-farsi-ournewtokenizer-wwm-ourlinebyline/checkpoint-680000
2024-10-07 15:25:10,963 - INFO - Loading model from /mnt/data/mehran-workspace/language-model/compare-models-on-downstream-tasks/find-best-checkpoint-ds/bert-fp-16-fixed-data-just-farsi-ournewtokenizer-wwm-ourlinebyline/checkpoint-680000
2024-10-07 15:25:13,546 - INFO - Tokenizing dataset...
2024-10-07 15:25:14,349 - INFO - Initializing Trainer...
2024-10-07 15:25:14,502 - INFO - Starting training...
2024-10-07 15:25:37,702 - INFO - Evaluating model on the test dataset...
2024-10-07 15:25:38,422 - INFO - 

=================ParsiNLU Dataset Results: 

2024-10-07 15:25:38,422 - INFO - 

******************************
Test results: {'eval_loss': 1.4043309688568115, 'eval_accuracy': 0.3047619047619048, 'eval_f1-weighted': 0.3026840809317608, 'eval_precision': 0.30716233335679544, 'eval_recall': 0.3047619047619048, 'eval_runtime': 0.7175, 'eval_samples_per_second': 1463.459, 'eval_steps_per_second': 45.994, 'epoch': 7.0}
******************************


