2024-10-07 16:14:08,637 - INFO - 





##################################################





##################################################
################# Starting #################
##################################################





##################################################






2024-10-07 16:14:08,637 - INFO - 


==================================Testing on Persian Dataset: ==================================


2024-10-07 16:14:08,638 - INFO - 

PQuAD

2024-10-07 16:14:08,638 - INFO - Loading dataset...
2024-10-07 16:14:11,766 - INFO - Loading tokenizer from /mnt/data/mehran-workspace/language-model/compare-models-on-downstream-tasks/find-best-checkpoint-ds/allfarsi_ourtokenizer_wwm-r_grouptext/checkpoint-440000
2024-10-07 16:14:11,920 - INFO - Loading model from /mnt/data/mehran-workspace/language-model/compare-models-on-downstream-tasks/find-best-checkpoint-ds/allfarsi_ourtokenizer_wwm-r_grouptext/checkpoint-440000
2024-10-07 16:14:11,981 - INFO - Tokenizing dataset...
2024-10-07 16:14:21,081 - INFO - Initializing Trainer...
2024-10-07 16:14:21,488 - INFO - Starting training...
2024-10-07 16:21:36,453 - INFO - Evaluating model on the test dataset...
2024-10-07 16:22:06,492 - INFO - 

=================SQuAD Dataset Results: 

2024-10-07 16:22:06,492 - INFO - 

******************************
Test results: {'eval_exact_match': 69.13600525624179, 'eval_f1': 86.194677680014, 'eval_runtime': 8.8588, 'eval_samples_per_second': 687.225, 'eval_steps_per_second': 10.837, 'epoch': 2.0}
******************************


2024-10-07 16:22:06,499 - INFO - 

FarsTail

2024-10-07 16:22:06,499 - INFO - Loading dataset...
2024-10-07 16:22:12,844 - INFO - Loading tokenizer from /mnt/data/mehran-workspace/language-model/compare-models-on-downstream-tasks/find-best-checkpoint-ds/allfarsi_ourtokenizer_wwm-r_grouptext/checkpoint-440000
2024-10-07 16:22:12,966 - INFO - Loading model from /mnt/data/mehran-workspace/language-model/compare-models-on-downstream-tasks/find-best-checkpoint-ds/allfarsi_ourtokenizer_wwm-r_grouptext/checkpoint-440000
2024-10-07 16:22:13,064 - INFO - Tokenizing dataset...
2024-10-07 16:22:14,943 - INFO - Initializing Trainer...
2024-10-07 16:22:15,857 - INFO - Starting training...
2024-10-07 16:24:22,037 - INFO - Evaluating model on the test dataset...
2024-10-07 16:24:22,898 - INFO - 

=================FarsTail Dataset Results: 

2024-10-07 16:24:22,898 - INFO - 

******************************
Test results: {'eval_loss': 0.8816137909889221, 'eval_accuracy': 0.7864450127877238, 'eval_f1': 0.785360264530448, 'eval_runtime': 0.8578, 'eval_samples_per_second': 1823.353, 'eval_steps_per_second': 57.126, 'epoch': 7.0}
******************************


2024-10-07 16:24:22,899 - INFO - 

DeepSentiPers

2024-10-07 16:24:22,900 - INFO - Loading dataset...
2024-10-07 16:24:27,482 - INFO - Mapping labels to ternary classification
2024-10-07 16:24:27,555 - INFO - Loading tokenizer from /mnt/data/mehran-workspace/language-model/compare-models-on-downstream-tasks/find-best-checkpoint-ds/allfarsi_ourtokenizer_wwm-r_grouptext/checkpoint-440000
2024-10-07 16:24:27,709 - INFO - Loading model from /mnt/data/mehran-workspace/language-model/compare-models-on-downstream-tasks/find-best-checkpoint-ds/allfarsi_ourtokenizer_wwm-r_grouptext/checkpoint-440000
2024-10-07 16:24:27,751 - INFO - Tokenizing dataset...
2024-10-07 16:24:28,569 - INFO - Initializing Trainer...
2024-10-07 16:24:28,769 - INFO - Starting training...
2024-10-07 16:25:49,919 - INFO - Evaluating model on the test dataset...
2024-10-07 16:25:51,422 - INFO - 

=================DeepSentiPers Dataset Results: 

2024-10-07 16:25:51,422 - INFO - 

******************************
Test results: {'eval_loss': 0.5841513872146606, 'eval_accuracy': 0.8149946062567421, 'eval_f1': 0.778794749941393, 'eval_runtime': 1.5009, 'eval_samples_per_second': 1235.255, 'eval_steps_per_second': 77.287, 'epoch': 3.0}
******************************


2024-10-07 16:25:51,423 - INFO - 

ParsiNLU_Multi

2024-10-07 16:25:51,423 - INFO - Loading dataset...
2024-10-07 16:25:57,384 - INFO - Loading tokenizer from /mnt/data/mehran-workspace/language-model/compare-models-on-downstream-tasks/find-best-checkpoint-ds/allfarsi_ourtokenizer_wwm-r_grouptext/checkpoint-440000
2024-10-07 16:25:57,526 - INFO - Loading model from /mnt/data/mehran-workspace/language-model/compare-models-on-downstream-tasks/find-best-checkpoint-ds/allfarsi_ourtokenizer_wwm-r_grouptext/checkpoint-440000
2024-10-07 16:26:01,569 - INFO - Tokenizing dataset...
2024-10-07 16:26:02,502 - INFO - Initializing Trainer...
2024-10-07 16:26:02,708 - INFO - Starting training...
2024-10-07 16:26:29,280 - INFO - Evaluating model on the test dataset...
2024-10-07 16:26:30,005 - INFO - 

=================ParsiNLU Dataset Results: 

2024-10-07 16:26:30,005 - INFO - 

******************************
Test results: {'eval_loss': 1.6421045064926147, 'eval_accuracy': 0.3171428571428571, 'eval_f1-weighted': 0.31747176695111606, 'eval_precision': 0.319703449618851, 'eval_recall': 0.3171428571428571, 'eval_runtime': 0.7225, 'eval_samples_per_second': 1453.305, 'eval_steps_per_second': 45.675, 'epoch': 7.0}
******************************


